TN:
SF:src/App.jsx
FN:11,Layout
FN:23,(anonymous_1)
FN:32,App
FN:41,(anonymous_3)
FNF:4
FNH:0
FNDA:0,Layout
FNDA:0,(anonymous_1)
FNDA:0,App
FNDA:0,(anonymous_3)
DA:12,0
DA:23,0
DA:25,0
DA:26,0
DA:29,0
DA:33,0
DA:35,0
DA:42,0
DA:44,0
DA:47,0
DA:48,0
DA:52,0
DA:53,0
DA:56,0
LF:14
LH:0
BRDA:11,0,0,0
BRDA:15,1,0,0
BRDA:15,1,1,0
BRDA:25,2,0,0
BRDA:25,2,1,0
BRDA:42,3,0,0
BRDA:42,3,1,0
BRDA:47,4,0,0
BRDA:47,4,1,0
BRDA:52,5,0,0
BRDA:52,5,1,0
BRF:11
BRH:0
end_of_record
TN:
SF:src/AppRoutes.jsx
FNF:0
FNH:0
DA:23,0
LF:1
LH:0
BRF:0
BRH:0
end_of_record
TN:
SF:src/AuthProvider.jsx
FN:6,(anonymous_0)
FN:9,(anonymous_1)
FNF:2
FNH:0
FNDA:0,(anonymous_0)
FNDA:0,(anonymous_1)
DA:6,0
DA:7,0
DA:9,0
DA:10,0
DA:14,0
DA:18,0
DA:19,0
DA:20,0
DA:22,0
DA:23,0
DA:24,0
DA:27,0
LF:12
LH:0
BRDA:10,0,0,0
BRDA:10,0,1,0
BRDA:14,1,0,0
BRDA:14,1,1,0
BRDA:16,2,0,0
BRDA:16,2,1,0
BRDA:22,3,0,0
BRDA:22,3,1,0
BRDA:22,4,0,0
BRDA:22,4,1,0
BRF:10
BRH:0
end_of_record
TN:
SF:src/LoginPage.jsx
FN:5,(anonymous_0)
FN:9,(anonymous_1)
FN:56,(anonymous_2)
FNF:3
FNH:0
FNDA:0,(anonymous_0)
FNDA:0,(anonymous_1)
FNDA:0,(anonymous_2)
DA:5,0
DA:6,0
DA:7,0
DA:9,0
DA:11,0
DA:15,0
DA:24,0
DA:56,0
LF:8
LH:0
BRDA:11,0,0,0
BRDA:11,0,1,0
BRDA:13,1,0,0
BRDA:13,1,1,0
BRDA:16,2,0,0
BRDA:16,2,1,0
BRDA:39,3,0,0
BRDA:39,3,1,0
BRDA:48,4,0,0
BRDA:48,4,1,0
BRDA:52,5,0,0
BRDA:52,5,1,0
BRDA:58,6,0,0
BRDA:58,6,1,0
BRF:14
BRH:0
end_of_record
TN:
SF:src/main.jsx
FNF:0
FNH:0
DA:12,0
LF:1
LH:0
BRF:0
BRH:0
end_of_record
TN:
SF:src/components/auth/LoginButton.jsx
FN:4,(anonymous_0)
FN:8,(anonymous_1)
FNF:2
FNH:0
FNDA:0,(anonymous_0)
FNDA:0,(anonymous_1)
DA:4,0
DA:5,0
DA:7,0
DA:8,0
LF:4
LH:0
BRF:0
BRH:0
end_of_record
TN:
SF:src/components/auth/LogoutButton.jsx
FN:4,(anonymous_0)
FN:8,(anonymous_1)
FNF:2
FNH:0
FNDA:0,(anonymous_0)
FNDA:0,(anonymous_1)
DA:4,0
DA:5,0
DA:7,0
DA:8,0
LF:4
LH:0
BRF:0
BRH:0
end_of_record
TN:
SF:src/components/auth/PrivateRoute.jsx
FN:6,(anonymous_0)
FNF:1
FNH:0
FNDA:0,(anonymous_0)
DA:6,0
DA:7,0
DA:9,0
DA:11,0
LF:4
LH:0
BRDA:9,0,0,0
BRDA:9,0,1,0
BRDA:11,1,0,0
BRDA:11,1,1,0
BRF:4
BRH:0
end_of_record
TN:
SF:src/components/common/AuditPanel.jsx
FN:5,AuditPanel
FNF:1
FNH:0
FNDA:0,AuditPanel
DA:7,0
DA:8,0
DA:10,0
DA:23,0
LF:4
LH:0
BRDA:7,0,0,0
BRDA:7,0,1,0
BRDA:7,1,0,0
BRDA:7,1,1,0
BRDA:8,2,0,0
BRDA:8,2,1,0
BRDA:8,3,0,0
BRDA:8,3,1,0
BRDA:13,4,0,0
BRDA:13,4,1,0
BRDA:13,5,0,0
BRDA:13,5,1,0
BRDA:17,6,0,0
BRDA:17,6,1,0
BRDA:17,7,0,0
BRDA:17,7,1,0
BRF:16
BRH:0
end_of_record
TN:
SF:src/components/common/EllipsisCell.jsx
FN:3,(anonymous_0)
FN:7,(anonymous_1)
FNF:2
FNH:0
FNDA:0,(anonymous_0)
FNDA:0,(anonymous_1)
DA:3,0
DA:4,0
DA:5,0
DA:7,0
DA:8,0
DA:9,0
DA:10,0
DA:14,0
LF:8
LH:0
BRDA:3,0,0,0
BRDA:9,1,0,0
BRDA:9,1,1,0
BRDA:24,2,0,0
BRDA:24,2,1,0
BRF:5
BRH:0
end_of_record
TN:
SF:src/components/form/DatePickerField.jsx
FN:10,DatePickerField
FN:13,(anonymous_1)
FN:20,(anonymous_2)
FNF:3
FNH:0
FNDA:0,DatePickerField
FNDA:0,(anonymous_1)
FNDA:0,(anonymous_2)
DA:8,0
DA:13,0
DA:14,0
DA:15,0
DA:17,0
DA:20,0
DA:22,0
DA:24,0
DA:25,0
DA:26,0
DA:27,0
DA:29,0
DA:33,0
LF:13
LH:0
BRDA:14,0,0,0
BRDA:14,0,1,0
BRDA:22,1,0,0
BRDA:22,1,1,0
BRDA:36,2,0,0
BRDA:36,2,1,0
BRDA:45,3,0,0
BRDA:45,3,1,0
BRDA:50,4,0,0
BRDA:50,4,1,0
BRF:10
BRH:0
end_of_record
TN:
SF:src/components/form/FormSection.jsx
FN:3,FormSection
FN:16,(anonymous_1)
FNF:2
FNH:0
FNDA:0,FormSection
FNDA:0,(anonymous_1)
DA:11,0
DA:16,0
LF:2
LH:0
BRDA:18,0,0,0
BRDA:18,0,1,0
BRDA:19,1,0,0
BRDA:19,1,1,0
BRDA:21,2,0,0
BRDA:21,2,1,0
BRF:6
BRH:0
end_of_record
TN:
SF:src/components/form/InputEmail.jsx
FN:5,InputEmail
FN:8,(anonymous_1)
FNF:2
FNH:0
FNDA:0,InputEmail
FNDA:0,(anonymous_1)
DA:6,0
DA:8,0
DA:9,0
DA:10,0
DA:13,0
DA:17,0
LF:6
LH:0
BRDA:5,0,0,0
BRDA:9,1,0,0
BRDA:9,1,1,0
BRDA:10,2,0,0
BRDA:10,2,1,0
BRF:5
BRH:0
end_of_record
TN:
SF:src/components/form/InputField.jsx
FN:3,InputField
FN:35,(anonymous_1)
FN:36,(anonymous_2)
FNF:3
FNH:0
FNDA:0,InputField
FNDA:0,(anonymous_1)
FNDA:0,(anonymous_2)
DA:19,0
DA:21,0
DA:35,0
DA:36,0
LF:4
LH:0
BRDA:7,0,0,0
BRDA:11,1,0,0
BRDA:12,2,0,0
BRDA:13,3,0,0
BRDA:14,4,0,0
BRDA:15,5,0,0
BRDA:19,6,0,0
BRDA:19,6,1,0
BRDA:19,6,2,0
BRDA:19,6,3,0
BRDA:19,6,4,0
BRDA:23,7,0,0
BRDA:23,7,1,0
BRDA:24,8,0,0
BRDA:24,8,1,0
BRDA:25,9,0,0
BRDA:25,9,1,0
BRDA:31,10,0,0
BRDA:31,10,1,0
BRDA:33,11,0,0
BRDA:33,11,1,0
BRDA:34,12,0,0
BRDA:34,12,1,0
BRDA:40,13,0,0
BRDA:40,13,1,0
BRDA:42,14,0,0
BRDA:42,14,1,0
BRF:27
BRH:0
end_of_record
TN:
SF:src/components/form/InputPhone.jsx
FN:5,InputPhone
FN:8,(anonymous_1)
FNF:2
FNH:0
FNDA:0,InputPhone
FNDA:0,(anonymous_1)
DA:6,0
DA:8,0
DA:9,0
DA:10,0
DA:11,0
DA:15,0
LF:6
LH:0
BRDA:5,0,0,0
BRDA:9,1,0,0
BRDA:9,1,1,0
BRF:3
BRH:0
end_of_record
TN:
SF:src/components/form/InputPostalCode.jsx
FN:5,InputPostalCode
FN:14,(anonymous_1)
FNF:2
FNH:0
FNDA:0,InputPostalCode
FNDA:0,(anonymous_1)
DA:12,0
DA:14,0
DA:15,0
DA:16,0
DA:17,0
DA:18,0
DA:19,0
DA:21,0
DA:26,0
LF:9
LH:0
BRDA:8,0,0,0
BRDA:9,1,0,0
BRDA:15,2,0,0
BRDA:15,2,1,0
BRDA:15,3,0,0
BRDA:15,3,1,0
BRDA:16,4,0,0
BRDA:16,4,1,0
BRDA:16,5,0,0
BRDA:16,5,1,0
BRDA:18,6,0,0
BRDA:18,6,1,0
BRDA:18,7,0,0
BRDA:18,7,1,0
BRF:14
BRH:0
end_of_record
TN:
SF:src/components/form/InputSiret.jsx
FN:6,InputSiret
FNF:1
FNH:0
FNDA:0,InputSiret
DA:17,0
DA:24,0
LF:2
LH:0
BRDA:8,0,0,0
BRDA:9,1,0,0
BRDA:10,2,0,0
BRDA:17,3,0,0
BRDA:17,3,1,0
BRDA:18,4,0,0
BRDA:18,4,1,0
BRDA:18,5,0,0
BRDA:18,5,1,0
BRDA:18,5,2,0
BRDA:20,6,0,0
BRDA:20,6,1,0
BRDA:20,7,0,0
BRDA:20,7,1,0
BRF:14
BRH:0
end_of_record
TN:
SF:src/components/form/SelectField.jsx
FN:3,SelectField
FN:30,(anonymous_1)
FN:31,(anonymous_2)
FN:35,(anonymous_3)
FNF:4
FNH:0
FNDA:0,SelectField
FNDA:0,(anonymous_1)
FNDA:0,(anonymous_2)
FNDA:0,(anonymous_3)
DA:17,0
DA:21,0
DA:30,0
DA:31,0
DA:36,0
LF:5
LH:0
BRDA:10,0,0,0
BRDA:11,1,0,0
BRDA:13,2,0,0
BRDA:17,3,0,0
BRDA:17,3,1,0
BRDA:17,3,2,0
BRDA:17,3,3,0
BRDA:17,3,4,0
BRDA:17,3,5,0
BRDA:17,3,6,0
BRDA:24,4,0,0
BRDA:24,4,1,0
BRDA:28,5,0,0
BRDA:28,5,1,0
BRDA:29,6,0,0
BRDA:29,6,1,0
BRDA:41,7,0,0
BRDA:41,7,1,0
BRDA:43,8,0,0
BRDA:43,8,1,0
BRF:20
BRH:0
end_of_record
TN:
SF:src/components/form/TextAreaField.jsx
FN:3,TextAreaField
FN:33,(anonymous_1)
FN:34,(anonymous_2)
FNF:3
FNH:0
FNDA:0,TextAreaField
FNDA:0,(anonymous_1)
FNDA:0,(anonymous_2)
DA:18,0
DA:22,0
DA:33,0
DA:34,0
LF:4
LH:0
BRDA:11,0,0,0
BRDA:13,1,0,0
BRDA:14,2,0,0
BRDA:18,3,0,0
BRDA:18,3,1,0
BRDA:18,3,2,0
BRDA:18,3,3,0
BRDA:18,3,4,0
BRDA:18,3,5,0
BRDA:18,3,6,0
BRDA:24,4,0,0
BRDA:24,4,1,0
BRDA:25,5,0,0
BRDA:25,5,1,0
BRDA:28,6,0,0
BRDA:28,6,1,0
BRDA:30,7,0,0
BRDA:30,7,1,0
BRDA:32,8,0,0
BRDA:32,8,1,0
BRDA:37,9,0,0
BRDA:37,9,1,0
BRDA:39,10,0,0
BRDA:39,10,1,0
BRF:24
BRH:0
end_of_record
TN:
SF:src/components/guard/RequireNoSeller.jsx
FN:5,RequireNoSeller
FN:10,(anonymous_1)
FN:11,(anonymous_2)
FNF:3
FNH:0
FNDA:0,RequireNoSeller
FNDA:0,(anonymous_1)
FNDA:0,(anonymous_2)
DA:6,0
DA:7,0
DA:8,0
DA:10,0
DA:11,0
DA:12,0
DA:13,0
DA:14,0
DA:16,0
DA:18,0
DA:22,0
DA:23,0
DA:25,0
DA:29,0
DA:32,0
DA:33,0
LF:16
LH:0
BRDA:14,0,0,0
BRDA:14,0,1,0
BRDA:22,1,0,0
BRDA:22,1,1,0
BRDA:32,2,0,0
BRDA:32,2,1,0
BRF:6
BRH:0
end_of_record
TN:
SF:src/components/guard/RequireSeller.jsx
FN:6,RequireSeller
FN:11,(anonymous_1)
FN:12,(anonymous_2)
FNF:3
FNH:0
FNDA:0,RequireSeller
FNDA:0,(anonymous_1)
FNDA:0,(anonymous_2)
DA:7,0
DA:8,0
DA:9,0
DA:11,0
DA:12,0
DA:13,0
DA:14,0
DA:15,0
DA:17,0
DA:20,0
DA:22,0
DA:24,0
DA:27,0
DA:30,0
DA:31,0
LF:15
LH:0
BRDA:15,0,0,0
BRDA:15,0,1,0
BRDA:30,1,0,0
BRDA:30,1,1,0
BRF:4
BRH:0
end_of_record
TN:
SF:src/components/invoices/InvoiceClient.jsx
FN:13,(anonymous_0)
FN:22,(anonymous_1)
FN:44,InvoiceClient
FN:51,(anonymous_3)
FN:84,(anonymous_4)
FN:87,(anonymous_5)
FN:91,(anonymous_6)
FN:99,(anonymous_7)
FN:103,(anonymous_8)
FN:128,(anonymous_9)
FN:135,(anonymous_10)
FN:158,(anonymous_11)
FN:164,(anonymous_12)
FN:165,(anonymous_13)
FN:169,(anonymous_14)
FN:170,(anonymous_15)
FN:172,(anonymous_16)
FN:177,(anonymous_17)
FN:181,(anonymous_18)
FN:188,(anonymous_19)
FN:189,(anonymous_20)
FN:203,(anonymous_21)
FN:204,(anonymous_22)
FN:215,(anonymous_23)
FN:221,(anonymous_24)
FN:222,(anonymous_25)
FN:231,(anonymous_26)
FN:232,(anonymous_27)
FN:245,(anonymous_28)
FN:246,(anonymous_29)
FN:258,(anonymous_30)
FN:263,(anonymous_31)
FN:265,(anonymous_32)
FN:270,(anonymous_33)
FN:283,(anonymous_34)
FN:284,(anonymous_35)
FN:295,(anonymous_36)
FN:296,(anonymous_37)
FN:306,(anonymous_38)
FN:307,(anonymous_39)
FN:315,(anonymous_40)
FN:322,(anonymous_41)
FN:323,(anonymous_42)
FN:325,(anonymous_43)
FN:332,(anonymous_44)
FN:335,(anonymous_45)
FN:337,(anonymous_46)
FN:340,(anonymous_47)
FN:349,(anonymous_48)
FN:352,(anonymous_49)
FN:354,(anonymous_50)
FN:357,(anonymous_51)
FNF:52
FNH:0
FNDA:0,(anonymous_0)
FNDA:0,(anonymous_1)
FNDA:0,InvoiceClient
FNDA:0,(anonymous_3)
FNDA:0,(anonymous_4)
FNDA:0,(anonymous_5)
FNDA:0,(anonymous_6)
FNDA:0,(anonymous_7)
FNDA:0,(anonymous_8)
FNDA:0,(anonymous_9)
FNDA:0,(anonymous_10)
FNDA:0,(anonymous_11)
FNDA:0,(anonymous_12)
FNDA:0,(anonymous_13)
FNDA:0,(anonymous_14)
FNDA:0,(anonymous_15)
FNDA:0,(anonymous_16)
FNDA:0,(anonymous_17)
FNDA:0,(anonymous_18)
FNDA:0,(anonymous_19)
FNDA:0,(anonymous_20)
FNDA:0,(anonymous_21)
FNDA:0,(anonymous_22)
FNDA:0,(anonymous_23)
FNDA:0,(anonymous_24)
FNDA:0,(anonymous_25)
FNDA:0,(anonymous_26)
FNDA:0,(anonymous_27)
FNDA:0,(anonymous_28)
FNDA:0,(anonymous_29)
FNDA:0,(anonymous_30)
FNDA:0,(anonymous_31)
FNDA:0,(anonymous_32)
FNDA:0,(anonymous_33)
FNDA:0,(anonymous_34)
FNDA:0,(anonymous_35)
FNDA:0,(anonymous_36)
FNDA:0,(anonymous_37)
FNDA:0,(anonymous_38)
FNDA:0,(anonymous_39)
FNDA:0,(anonymous_40)
FNDA:0,(anonymous_41)
FNDA:0,(anonymous_42)
FNDA:0,(anonymous_43)
FNDA:0,(anonymous_44)
FNDA:0,(anonymous_45)
FNDA:0,(anonymous_46)
FNDA:0,(anonymous_47)
FNDA:0,(anonymous_48)
FNDA:0,(anonymous_49)
FNDA:0,(anonymous_50)
FNDA:0,(anonymous_51)
DA:12,0
DA:13,0
DA:16,0
DA:22,0
DA:23,0
DA:26,0
DA:27,0
DA:28,0
DA:29,0
DA:31,0
DA:34,0
DA:35,0
DA:38,0
DA:39,0
DA:41,0
DA:45,0
DA:46,0
DA:47,0
DA:48,0
DA:50,0
DA:52,0
DA:53,0
DA:54,0
DA:58,0
DA:59,0
DA:63,0
DA:83,0
DA:84,0
DA:85,0
DA:87,0
DA:88,0
DA:89,0
DA:90,0
DA:91,0
DA:94,0
DA:98,0
DA:99,0
DA:103,0
DA:106,0
DA:107,0
DA:124,0
DA:128,0
DA:129,0
DA:130,0
DA:131,0
DA:132,0
DA:135,0
DA:136,0
DA:138,0
DA:154,0
DA:155,0
DA:158,0
DA:159,0
DA:160,0
DA:161,0
DA:163,0
DA:164,0
DA:165,0
DA:166,0
DA:169,0
DA:170,0
DA:171,0
DA:172,0
DA:176,0
DA:177,0
DA:181,0
DA:183,0
DA:188,0
DA:189,0
DA:203,0
DA:204,0
DA:221,0
DA:222,0
DA:231,0
DA:232,0
DA:245,0
DA:246,0
DA:259,0
DA:260,0
DA:261,0
DA:262,0
DA:263,0
DA:266,0
DA:267,0
DA:268,0
DA:269,0
DA:270,0
DA:283,0
DA:284,0
DA:295,0
DA:296,0
DA:306,0
DA:307,0
DA:315,0
DA:322,0
DA:323,0
DA:325,0
DA:333,0
DA:334,0
DA:335,0
DA:338,0
DA:339,0
DA:340,0
DA:350,0
DA:351,0
DA:352,0
DA:355,0
DA:356,0
DA:357,0
LF:109
LH:0
BRDA:23,0,0,0
BRDA:23,0,1,0
BRDA:26,1,0,0
BRDA:26,1,1,0
BRDA:27,2,0,0
BRDA:27,2,1,0
BRDA:28,3,0,0
BRDA:28,3,1,0
BRDA:29,4,0,0
BRDA:29,4,1,0
BRDA:31,5,0,0
BRDA:31,5,1,0
BRDA:34,6,0,0
BRDA:34,6,1,0
BRDA:38,7,0,0
BRDA:38,7,1,0
BRDA:39,8,0,0
BRDA:39,8,1,0
BRDA:39,9,0,0
BRDA:39,9,1,0
BRDA:52,10,0,0
BRDA:52,10,1,0
BRDA:58,11,0,0
BRDA:58,11,1,0
BRDA:59,12,0,0
BRDA:59,12,1,0
BRDA:59,13,0,0
BRDA:59,13,1,0
BRDA:64,14,0,0
BRDA:64,14,1,0
BRDA:65,15,0,0
BRDA:65,15,1,0
BRDA:66,16,0,0
BRDA:66,16,1,0
BRDA:67,17,0,0
BRDA:67,17,1,0
BRDA:68,18,0,0
BRDA:68,18,1,0
BRDA:69,19,0,0
BRDA:69,19,1,0
BRDA:70,20,0,0
BRDA:70,20,1,0
BRDA:71,21,0,0
BRDA:71,21,1,0
BRDA:72,22,0,0
BRDA:72,22,1,0
BRDA:73,23,0,0
BRDA:73,23,1,0
BRDA:74,24,0,0
BRDA:74,24,1,0
BRDA:75,25,0,0
BRDA:75,25,1,0
BRDA:76,26,0,0
BRDA:76,26,1,0
BRDA:90,27,0,0
BRDA:90,27,1,0
BRDA:91,28,0,0
BRDA:91,28,1,0
BRDA:91,29,0,0
BRDA:91,29,1,0
BRDA:106,30,0,0
BRDA:106,30,1,0
BRDA:106,31,0,0
BRDA:106,31,1,0
BRDA:108,32,0,0
BRDA:108,32,1,0
BRDA:109,33,0,0
BRDA:109,33,1,0
BRDA:110,34,0,0
BRDA:110,34,1,0
BRDA:111,35,0,0
BRDA:111,35,1,0
BRDA:112,36,0,0
BRDA:112,36,1,0
BRDA:113,37,0,0
BRDA:113,37,1,0
BRDA:114,38,0,0
BRDA:114,38,1,0
BRDA:115,39,0,0
BRDA:115,39,1,0
BRDA:116,40,0,0
BRDA:116,40,1,0
BRDA:117,41,0,0
BRDA:117,41,1,0
BRDA:118,42,0,0
BRDA:118,42,1,0
BRDA:119,43,0,0
BRDA:119,43,1,0
BRDA:120,44,0,0
BRDA:120,44,1,0
BRDA:129,45,0,0
BRDA:129,45,1,0
BRDA:136,46,0,0
BRDA:136,46,1,0
BRDA:141,47,0,0
BRDA:141,47,1,0
BRDA:142,48,0,0
BRDA:142,48,1,0
BRDA:143,49,0,0
BRDA:143,49,1,0
BRDA:144,50,0,0
BRDA:144,50,1,0
BRDA:145,51,0,0
BRDA:145,51,1,0
BRDA:146,52,0,0
BRDA:146,52,1,0
BRDA:147,53,0,0
BRDA:147,53,1,0
BRDA:148,54,0,0
BRDA:148,54,1,0
BRDA:149,55,0,0
BRDA:149,55,1,0
BRDA:150,56,0,0
BRDA:150,56,1,0
BRDA:151,57,0,0
BRDA:151,57,1,0
BRDA:160,58,0,0
BRDA:160,58,1,0
BRDA:161,59,0,0
BRDA:161,59,1,0
BRDA:161,60,0,0
BRDA:161,60,1,0
BRDA:176,61,0,0
BRDA:176,61,1,0
BRDA:179,62,0,0
BRDA:179,62,1,0
BRDA:179,63,0,0
BRDA:179,63,1,0
BRDA:179,64,0,0
BRDA:179,64,1,0
BRDA:191,65,0,0
BRDA:191,65,1,0
BRDA:191,66,0,0
BRDA:191,66,1,0
BRDA:191,67,0,0
BRDA:191,67,1,0
BRDA:202,68,0,0
BRDA:202,68,1,0
BRDA:210,69,0,0
BRDA:210,69,1,0
BRDA:214,70,0,0
BRDA:214,70,1,0
BRDA:214,71,0,0
BRDA:214,71,1,0
BRDA:220,72,0,0
BRDA:220,72,1,0
BRDA:230,73,0,0
BRDA:230,73,1,0
BRDA:238,74,0,0
BRDA:238,74,1,0
BRDA:238,74,2,0
BRDA:244,75,0,0
BRDA:244,75,1,0
BRDA:254,76,0,0
BRDA:254,76,1,0
BRDA:257,77,0,0
BRDA:257,77,1,0
BRDA:261,78,0,0
BRDA:261,78,1,0
BRDA:261,79,0,0
BRDA:261,79,1,0
BRDA:268,80,0,0
BRDA:268,80,1,0
BRDA:268,81,0,0
BRDA:268,81,1,0
BRDA:279,82,0,0
BRDA:279,82,1,0
BRDA:282,83,0,0
BRDA:282,83,1,0
BRDA:294,84,0,0
BRDA:294,84,1,0
BRDA:305,85,0,0
BRDA:305,85,1,0
BRDA:314,86,0,0
BRDA:314,86,1,0
BRDA:321,87,0,0
BRDA:321,87,1,0
BRDA:331,88,0,0
BRDA:331,88,1,0
BRDA:348,89,0,0
BRDA:348,89,1,0
BRDA:365,90,0,0
BRDA:365,90,1,0
BRF:183
BRH:0
end_of_record
TN:
SF:src/components/invoices/InvoiceForm.jsx
FN:15,InvoiceForm
FN:15,(anonymous_1)
FN:52,(anonymous_2)
FN:53,(anonymous_3)
FN:61,(anonymous_4)
FN:80,(anonymous_5)
FN:81,(anonymous_6)
FN:95,(anonymous_7)
FN:102,(anonymous_8)
FN:126,(anonymous_9)
FN:130,(anonymous_10)
FN:161,(anonymous_11)
FN:169,(anonymous_12)
FN:178,(anonymous_13)
FN:187,(anonymous_14)
FN:189,(anonymous_15)
FN:193,(anonymous_16)
FN:197,(anonymous_17)
FN:207,(anonymous_18)
FN:211,(anonymous_19)
FN:216,(anonymous_20)
FN:222,(anonymous_21)
FN:249,(anonymous_22)
FN:256,(anonymous_23)
FN:266,(anonymous_24)
FN:267,(anonymous_25)
FN:271,(anonymous_26)
FN:275,(anonymous_27)
FN:315,(anonymous_28)
FN:335,(anonymous_29)
FN:336,(anonymous_30)
FN:339,(anonymous_31)
FN:341,(anonymous_32)
FN:344,(anonymous_33)
FN:350,(anonymous_34)
FN:362,(anonymous_35)
FN:387,(anonymous_36)
FN:396,(anonymous_37)
FN:403,(anonymous_38)
FN:411,(anonymous_39)
FN:429,(anonymous_40)
FN:435,(anonymous_41)
FN:440,(anonymous_42)
FNF:43
FNH:0
FNDA:0,InvoiceForm
FNDA:0,(anonymous_1)
FNDA:0,(anonymous_2)
FNDA:0,(anonymous_3)
FNDA:0,(anonymous_4)
FNDA:0,(anonymous_5)
FNDA:0,(anonymous_6)
FNDA:0,(anonymous_7)
FNDA:0,(anonymous_8)
FNDA:0,(anonymous_9)
FNDA:0,(anonymous_10)
FNDA:0,(anonymous_11)
FNDA:0,(anonymous_12)
FNDA:0,(anonymous_13)
FNDA:0,(anonymous_14)
FNDA:0,(anonymous_15)
FNDA:0,(anonymous_16)
FNDA:0,(anonymous_17)
FNDA:0,(anonymous_18)
FNDA:0,(anonymous_19)
FNDA:0,(anonymous_20)
FNDA:0,(anonymous_21)
FNDA:0,(anonymous_22)
FNDA:0,(anonymous_23)
FNDA:0,(anonymous_24)
FNDA:0,(anonymous_25)
FNDA:0,(anonymous_26)
FNDA:0,(anonymous_27)
FNDA:0,(anonymous_28)
FNDA:0,(anonymous_29)
FNDA:0,(anonymous_30)
FNDA:0,(anonymous_31)
FNDA:0,(anonymous_32)
FNDA:0,(anonymous_33)
FNDA:0,(anonymous_34)
FNDA:0,(anonymous_35)
FNDA:0,(anonymous_36)
FNDA:0,(anonymous_37)
FNDA:0,(anonymous_38)
FNDA:0,(anonymous_39)
FNDA:0,(anonymous_40)
FNDA:0,(anonymous_41)
FNDA:0,(anonymous_42)
DA:16,0
DA:17,0
DA:18,0
DA:31,0
DA:43,0
DA:44,0
DA:45,0
DA:46,0
DA:47,0
DA:48,0
DA:51,0
DA:52,0
DA:53,0
DA:54,0
DA:56,0
DA:57,0
DA:58,0
DA:60,0
DA:61,0
DA:72,0
DA:76,0
DA:80,0
DA:81,0
DA:82,0
DA:84,0
DA:85,0
DA:86,0
DA:87,0
DA:89,0
DA:93,0
DA:95,0
DA:102,0
DA:112,0
DA:113,0
DA:114,0
DA:115,0
DA:119,0
DA:123,0
DA:126,0
DA:127,0
DA:128,0
DA:130,0
DA:131,0
DA:132,0
DA:133,0
DA:134,0
DA:136,0
DA:137,0
DA:138,0
DA:140,0
DA:141,0
DA:143,0
DA:144,0
DA:145,0
DA:146,0
DA:149,0
DA:152,0
DA:161,0
DA:163,0
DA:164,0
DA:167,0
DA:168,0
DA:169,0
DA:170,0
DA:171,0
DA:172,0
DA:174,0
DA:176,0
DA:177,0
DA:178,0
DA:179,0
DA:180,0
DA:181,0
DA:183,0
DA:187,0
DA:188,0
DA:189,0
DA:190,0
DA:191,0
DA:193,0
DA:194,0
DA:197,0
DA:198,0
DA:199,0
DA:207,0
DA:208,0
DA:209,0
DA:211,0
DA:212,0
DA:215,0
DA:216,0
DA:217,0
DA:218,0
DA:219,0
DA:221,0
DA:222,0
DA:223,0
DA:224,0
DA:225,0
DA:226,0
DA:230,0
DA:231,0
DA:232,0
DA:233,0
DA:234,0
DA:236,0
DA:237,0
DA:238,0
DA:239,0
DA:240,0
DA:243,0
DA:244,0
DA:245,0
DA:246,0
DA:249,0
DA:250,0
DA:251,0
DA:252,0
DA:253,0
DA:256,0
DA:257,0
DA:258,0
DA:259,0
DA:260,0
DA:263,0
DA:264,0
DA:266,0
DA:267,0
DA:268,0
DA:271,0
DA:272,0
DA:274,0
DA:275,0
DA:276,0
DA:279,0
DA:292,0
DA:293,0
DA:294,0
DA:295,0
DA:296,0
DA:298,0
DA:300,0
DA:301,0
DA:302,0
DA:305,0
DA:306,0
DA:310,0
DA:311,0
DA:314,0
DA:315,0
DA:316,0
DA:317,0
DA:321,0
DA:322,0
DA:326,0
DA:335,0
DA:336,0
DA:339,0
DA:340,0
DA:341,0
DA:344,0
DA:345,0
DA:346,0
DA:347,0
DA:350,0
DA:351,0
DA:354,0
DA:362,0
DA:387,0
DA:396,0
DA:403,0
DA:411,0
DA:429,0
DA:435,0
DA:440,0
LF:175
LH:0
BRDA:15,0,0,0
BRDA:15,1,0,0
BRDA:32,2,0,0
BRDA:32,2,1,0
BRDA:32,2,2,0
BRDA:33,3,0,0
BRDA:33,3,1,0
BRDA:34,4,0,0
BRDA:34,4,1,0
BRDA:35,5,0,0
BRDA:35,5,1,0
BRDA:36,6,0,0
BRDA:36,6,1,0
BRDA:37,7,0,0
BRDA:37,7,1,0
BRDA:38,8,0,0
BRDA:38,8,1,0
BRDA:39,9,0,0
BRDA:39,9,1,0
BRDA:40,10,0,0
BRDA:40,10,1,0
BRDA:43,11,0,0
BRDA:43,11,1,0
BRDA:54,12,0,0
BRDA:54,12,1,0
BRDA:58,13,0,0
BRDA:58,13,1,0
BRDA:58,14,0,0
BRDA:58,14,1,0
BRDA:65,15,0,0
BRDA:65,15,1,0
BRDA:66,16,0,0
BRDA:66,16,1,0
BRDA:82,17,0,0
BRDA:82,17,1,0
BRDA:85,18,0,0
BRDA:85,18,1,0
BRDA:95,19,0,0
BRDA:95,19,1,0
BRDA:97,20,0,0
BRDA:97,20,1,0
BRDA:98,21,0,0
BRDA:98,21,1,0
BRDA:99,22,0,0
BRDA:99,22,1,0
BRDA:100,23,0,0
BRDA:100,23,1,0
BRDA:102,24,0,0
BRDA:102,24,1,0
BRDA:104,25,0,0
BRDA:104,25,1,0
BRDA:105,26,0,0
BRDA:105,26,1,0
BRDA:106,27,0,0
BRDA:106,27,1,0
BRDA:114,28,0,0
BRDA:114,28,1,0
BRDA:131,29,0,0
BRDA:131,29,1,0
BRDA:132,30,0,0
BRDA:132,30,1,0
BRDA:133,31,0,0
BRDA:133,31,1,0
BRDA:134,32,0,0
BRDA:134,32,1,0
BRDA:143,33,0,0
BRDA:143,33,1,0
BRDA:144,34,0,0
BRDA:144,34,1,0
BRDA:163,35,0,0
BRDA:163,35,1,0
BRDA:167,36,0,0
BRDA:167,36,1,0
BRDA:171,37,0,0
BRDA:171,37,1,0
BRDA:176,38,0,0
BRDA:176,38,1,0
BRDA:178,39,0,0
BRDA:178,39,1,0
BRDA:180,40,0,0
BRDA:180,40,1,0
BRDA:191,41,0,0
BRDA:191,41,1,0
BRDA:209,42,0,0
BRDA:209,42,1,0
BRDA:223,43,0,0
BRDA:223,43,1,0
BRDA:230,44,0,0
BRDA:230,44,1,0
BRDA:231,45,0,0
BRDA:231,45,1,0
BRDA:237,46,0,0
BRDA:237,46,1,0
BRDA:243,47,0,0
BRDA:243,47,1,0
BRDA:250,48,0,0
BRDA:250,48,1,0
BRDA:257,49,0,0
BRDA:257,49,1,0
BRDA:257,50,0,0
BRDA:257,50,1,0
BRDA:274,51,0,0
BRDA:274,51,1,0
BRDA:284,52,0,0
BRDA:284,52,1,0
BRDA:285,53,0,0
BRDA:285,53,1,0
BRDA:286,54,0,0
BRDA:286,54,1,0
BRDA:287,55,0,0
BRDA:287,55,1,0
BRDA:288,56,0,0
BRDA:288,56,1,0
BRDA:289,57,0,0
BRDA:289,57,1,0
BRDA:298,58,0,0
BRDA:298,58,1,0
BRDA:300,59,0,0
BRDA:300,59,1,0
BRDA:321,60,0,0
BRDA:321,60,1,0
BRDA:347,61,0,0
BRDA:347,61,1,0
BRDA:347,61,2,0
BRDA:356,62,0,0
BRDA:356,62,1,0
BRDA:357,63,0,0
BRDA:357,63,1,0
BRDA:359,64,0,0
BRDA:359,64,1,0
BRDA:424,65,0,0
BRDA:424,65,1,0
BRDA:424,65,2,0
BRDA:426,66,0,0
BRDA:426,66,1,0
BRDA:432,67,0,0
BRDA:432,67,1,0
BRDA:433,68,0,0
BRDA:433,68,1,0
BRDA:447,69,0,0
BRDA:447,69,1,0
BRDA:447,69,2,0
BRF:142
BRH:0
end_of_record
TN:
SF:src/components/invoices/InvoiceHeader.jsx
FN:10,InvoiceHeader
FN:30,(anonymous_1)
FN:41,(anonymous_2)
FN:45,(anonymous_3)
FN:54,(anonymous_4)
FN:60,(anonymous_5)
FN:61,(anonymous_6)
FN:65,(anonymous_7)
FN:70,(anonymous_8)
FN:71,(anonymous_9)
FN:74,(anonymous_10)
FN:76,(anonymous_11)
FN:80,(anonymous_12)
FN:81,(anonymous_13)
FN:114,(anonymous_14)
FN:115,(anonymous_15)
FN:125,(anonymous_16)
FN:126,(anonymous_17)
FN:137,(anonymous_18)
FN:138,(anonymous_19)
FN:159,(anonymous_20)
FN:160,(anonymous_21)
FN:169,(anonymous_22)
FN:170,(anonymous_23)
FN:178,(anonymous_24)
FN:179,(anonymous_25)
FN:187,(anonymous_26)
FN:188,(anonymous_27)
FN:199,(anonymous_28)
FN:200,(anonymous_29)
FNF:30
FNH:0
FNDA:0,InvoiceHeader
FNDA:0,(anonymous_1)
FNDA:0,(anonymous_2)
FNDA:0,(anonymous_3)
FNDA:0,(anonymous_4)
FNDA:0,(anonymous_5)
FNDA:0,(anonymous_6)
FNDA:0,(anonymous_7)
FNDA:0,(anonymous_8)
FNDA:0,(anonymous_9)
FNDA:0,(anonymous_10)
FNDA:0,(anonymous_11)
FNDA:0,(anonymous_12)
FNDA:0,(anonymous_13)
FNDA:0,(anonymous_14)
FNDA:0,(anonymous_15)
FNDA:0,(anonymous_16)
FNDA:0,(anonymous_17)
FNDA:0,(anonymous_18)
FNDA:0,(anonymous_19)
FNDA:0,(anonymous_20)
FNDA:0,(anonymous_21)
FNDA:0,(anonymous_22)
FNDA:0,(anonymous_23)
FNDA:0,(anonymous_24)
FNDA:0,(anonymous_25)
FNDA:0,(anonymous_26)
FNDA:0,(anonymous_27)
FNDA:0,(anonymous_28)
FNDA:0,(anonymous_29)
DA:11,0
DA:12,0
DA:13,0
DA:15,0
DA:18,0
DA:30,0
DA:32,0
DA:34,0
DA:35,0
DA:36,0
DA:37,0
DA:39,0
DA:41,0
DA:45,0
DA:46,0
DA:47,0
DA:48,0
DA:50,0
DA:53,0
DA:54,0
DA:57,0
DA:60,0
DA:61,0
DA:62,0
DA:65,0
DA:66,0
DA:67,0
DA:70,0
DA:71,0
DA:74,0
DA:75,0
DA:76,0
DA:80,0
DA:81,0
DA:82,0
DA:83,0
DA:84,0
DA:85,0
DA:88,0
DA:91,0
DA:94,0
DA:95,0
DA:97,0
DA:114,0
DA:115,0
DA:125,0
DA:126,0
DA:137,0
DA:138,0
DA:159,0
DA:160,0
DA:169,0
DA:170,0
DA:178,0
DA:179,0
DA:187,0
DA:188,0
DA:199,0
DA:200,0
LF:59
LH:0
BRDA:10,0,0,0
BRDA:19,1,0,0
BRDA:19,1,1,0
BRDA:20,2,0,0
BRDA:20,2,1,0
BRDA:21,3,0,0
BRDA:21,3,1,0
BRDA:22,4,0,0
BRDA:22,4,1,0
BRDA:23,5,0,0
BRDA:23,5,1,0
BRDA:24,6,0,0
BRDA:24,6,1,0
BRDA:25,7,0,0
BRDA:25,7,1,0
BRDA:26,8,0,0
BRDA:26,8,1,0
BRDA:32,9,0,0
BRDA:32,9,1,0
BRDA:32,10,0,0
BRDA:32,10,1,0
BRDA:36,11,0,0
BRDA:36,11,1,0
BRDA:47,12,0,0
BRDA:47,12,1,0
BRDA:53,13,0,0
BRDA:53,13,1,0
BRDA:53,14,0,0
BRDA:53,14,1,0
BRDA:66,15,0,0
BRDA:66,15,1,0
BRDA:67,16,0,0
BRDA:67,16,1,0
BRDA:67,16,2,0
BRDA:75,17,0,0
BRDA:75,17,1,0
BRDA:84,18,0,0
BRDA:84,18,1,0
BRDA:84,19,0,0
BRDA:84,19,1,0
BRDA:94,20,0,0
BRDA:94,20,1,0
BRDA:95,21,0,0
BRDA:95,21,1,0
BRDA:113,22,0,0
BRDA:113,22,1,0
BRDA:124,23,0,0
BRDA:124,23,1,0
BRDA:158,24,0,0
BRDA:158,24,1,0
BRDA:168,25,0,0
BRDA:168,25,1,0
BRDA:177,26,0,0
BRDA:177,26,1,0
BRDA:186,27,0,0
BRDA:186,27,1,0
BRDA:198,28,0,0
BRDA:198,28,1,0
BRF:58
BRH:0
end_of_record
TN:
SF:src/components/invoices/InvoiceLines.jsx
FN:6,InvoiceLines
FN:10,(anonymous_1)
FN:33,(anonymous_2)
FN:34,(anonymous_3)
FN:42,(anonymous_4)
FN:44,(anonymous_5)
FN:51,(anonymous_6)
FN:69,(anonymous_7)
FN:70,(anonymous_8)
FN:71,(anonymous_9)
FN:72,(anonymous_10)
FN:79,(anonymous_11)
FN:94,(anonymous_12)
FN:95,(anonymous_13)
FN:108,(anonymous_14)
FN:109,(anonymous_15)
FN:122,(anonymous_16)
FN:123,(anonymous_17)
FN:136,(anonymous_18)
FN:137,(anonymous_19)
FN:150,(anonymous_20)
FN:151,(anonymous_21)
FN:199,(anonymous_22)
FNF:23
FNH:0
FNDA:0,InvoiceLines
FNDA:0,(anonymous_1)
FNDA:0,(anonymous_2)
FNDA:0,(anonymous_3)
FNDA:0,(anonymous_4)
FNDA:0,(anonymous_5)
FNDA:0,(anonymous_6)
FNDA:0,(anonymous_7)
FNDA:0,(anonymous_8)
FNDA:0,(anonymous_9)
FNDA:0,(anonymous_10)
FNDA:0,(anonymous_11)
FNDA:0,(anonymous_12)
FNDA:0,(anonymous_13)
FNDA:0,(anonymous_14)
FNDA:0,(anonymous_15)
FNDA:0,(anonymous_16)
FNDA:0,(anonymous_17)
FNDA:0,(anonymous_18)
FNDA:0,(anonymous_19)
FNDA:0,(anonymous_20)
FNDA:0,(anonymous_21)
FNDA:0,(anonymous_22)
DA:7,0
DA:8,0
DA:10,0
DA:11,0
DA:12,0
DA:13,0
DA:16,0
DA:17,0
DA:18,0
DA:19,0
DA:21,0
DA:22,0
DA:23,0
DA:25,0
DA:28,0
DA:29,0
DA:33,0
DA:34,0
DA:35,0
DA:36,0
DA:37,0
DA:39,0
DA:42,0
DA:43,0
DA:44,0
DA:45,0
DA:46,0
DA:47,0
DA:51,0
DA:52,0
DA:65,0
DA:66,0
DA:69,0
DA:70,0
DA:71,0
DA:72,0
DA:75,0
DA:80,0
DA:94,0
DA:95,0
DA:108,0
DA:109,0
DA:122,0
DA:123,0
DA:136,0
DA:137,0
DA:150,0
DA:151,0
DA:199,0
LF:49
LH:0
BRDA:11,0,0,0
BRDA:11,0,1,0
BRDA:16,1,0,0
BRDA:16,1,1,0
BRDA:17,2,0,0
BRDA:17,2,1,0
BRDA:18,3,0,0
BRDA:18,3,1,0
BRDA:19,4,0,0
BRDA:19,4,1,0
BRDA:28,5,0,0
BRDA:28,5,1,0
BRDA:96,6,0,0
BRDA:96,6,1,0
BRDA:110,7,0,0
BRDA:110,7,1,0
BRDA:124,8,0,0
BRDA:124,8,1,0
BRDA:138,9,0,0
BRDA:138,9,1,0
BRDA:152,10,0,0
BRDA:152,10,1,0
BRDA:162,11,0,0
BRDA:162,11,1,0
BRDA:173,12,0,0
BRDA:173,12,1,0
BRDA:184,13,0,0
BRDA:184,13,1,0
BRDA:198,14,0,0
BRDA:198,14,1,0
BRDA:206,15,0,0
BRDA:206,15,1,0
BRF:32
BRH:0
end_of_record
TN:
SF:src/components/invoices/InvoiceTabs.jsx
FN:5,(anonymous_0)
FN:10,(anonymous_1)
FN:22,(anonymous_2)
FN:25,(anonymous_3)
FNF:4
FNH:0
FNDA:0,(anonymous_0)
FNDA:0,(anonymous_1)
FNDA:0,(anonymous_2)
FNDA:0,(anonymous_3)
DA:5,0
DA:6,0
DA:8,0
DA:10,0
DA:12,0
DA:23,0
DA:25,0
LF:7
LH:0
BRDA:8,0,0,0
BRDA:8,0,1,0
BRDA:8,1,0,0
BRDA:8,1,1,0
BRDA:29,2,0,0
BRDA:29,2,1,0
BRDA:32,3,0,0
BRDA:32,3,1,0
BRF:8
BRH:0
end_of_record
TN:
SF:src/components/invoices/PdfViewer.jsx
FN:10,(anonymous_0)
FN:18,(anonymous_1)
FN:19,(anonymous_2)
FN:24,(anonymous_3)
FN:27,(anonymous_4)
FN:32,(anonymous_5)
FN:47,(anonymous_6)
FN:47,(anonymous_7)
FN:49,(anonymous_8)
FN:49,(anonymous_9)
FN:54,(anonymous_10)
FN:54,(anonymous_11)
FN:56,(anonymous_12)
FN:56,(anonymous_13)
FNF:14
FNH:0
FNDA:0,(anonymous_0)
FNDA:0,(anonymous_1)
FNDA:0,(anonymous_2)
FNDA:0,(anonymous_3)
FNDA:0,(anonymous_4)
FNDA:0,(anonymous_5)
FNDA:0,(anonymous_6)
FNDA:0,(anonymous_7)
FNDA:0,(anonymous_8)
FNDA:0,(anonymous_9)
FNDA:0,(anonymous_10)
FNDA:0,(anonymous_11)
FNDA:0,(anonymous_12)
FNDA:0,(anonymous_13)
DA:8,0
DA:10,0
DA:11,0
DA:12,0
DA:13,0
DA:14,0
DA:15,0
DA:16,0
DA:18,0
DA:19,0
DA:20,0
DA:22,0
DA:23,0
DA:24,0
DA:27,0
DA:28,0
DA:29,0
DA:32,0
DA:33,0
DA:34,0
DA:35,0
DA:38,0
DA:40,0
DA:47,0
DA:49,0
DA:54,0
DA:56,0
LF:27
LH:0
BRDA:20,0,0,0
BRDA:20,0,1,0
BRDA:38,1,0,0
BRDA:38,1,1,0
BRDA:48,2,0,0
BRDA:48,2,1,0
BRDA:60,3,0,0
BRDA:60,3,1,0
BRDA:67,4,0,0
BRDA:67,4,1,0
BRF:10
BRH:0
end_of_record
TN:
SF:src/components/invoices/SupportingDocs.jsx
FN:6,SupportingDocs
FN:9,(anonymous_1)
FN:16,(anonymous_2)
FN:17,(anonymous_3)
FN:19,(anonymous_4)
FN:29,(anonymous_5)
FN:37,(anonymous_6)
FN:38,(anonymous_7)
FN:51,(anonymous_8)
FN:54,(anonymous_9)
FN:57,(anonymous_10)
FN:69,(anonymous_11)
FN:145,(anonymous_12)
FN:166,(anonymous_13)
FN:171,(anonymous_14)
FNF:15
FNH:0
FNDA:0,SupportingDocs
FNDA:0,(anonymous_1)
FNDA:0,(anonymous_2)
FNDA:0,(anonymous_3)
FNDA:0,(anonymous_4)
FNDA:0,(anonymous_5)
FNDA:0,(anonymous_6)
FNDA:0,(anonymous_7)
FNDA:0,(anonymous_8)
FNDA:0,(anonymous_9)
FNDA:0,(anonymous_10)
FNDA:0,(anonymous_11)
FNDA:0,(anonymous_12)
FNDA:0,(anonymous_13)
FNDA:0,(anonymous_14)
DA:7,0
DA:9,0
DA:10,0
DA:16,0
DA:17,0
DA:19,0
DA:20,0
DA:21,0
DA:23,0
DA:29,0
DA:30,0
DA:31,0
DA:37,0
DA:38,0
DA:44,0
DA:45,0
DA:51,0
DA:53,0
DA:54,0
DA:56,0
DA:57,0
DA:58,0
DA:59,0
DA:62,0
DA:63,0
DA:69,0
DA:70,0
DA:72,0
DA:74,0
DA:78,0
DA:82,0
DA:84,0
DA:86,0
DA:95,0
DA:96,0
DA:97,0
DA:100,0
DA:101,0
DA:102,0
DA:104,0
DA:106,0
DA:110,0
DA:145,0
DA:167,0
DA:171,0
LF:45
LH:0
BRDA:16,0,0,0
BRDA:16,0,1,0
BRDA:21,1,0,0
BRDA:21,1,1,0
BRDA:29,2,0,0
BRDA:29,2,1,0
BRDA:53,3,0,0
BRDA:53,3,1,0
BRDA:54,4,0,0
BRDA:54,4,1,0
BRDA:58,5,0,0
BRDA:58,5,1,0
BRDA:59,6,0,0
BRDA:59,6,1,0
BRDA:70,7,0,0
BRDA:70,7,1,0
BRDA:74,8,0,0
BRDA:74,8,1,0
BRDA:76,9,0,0
BRDA:76,9,1,0
BRDA:95,10,0,0
BRDA:95,10,1,0
BRDA:118,11,0,0
BRDA:118,11,1,0
BRDA:131,12,0,0
BRDA:131,12,1,0
BRDA:140,13,0,0
BRDA:140,13,1,0
BRDA:143,14,0,0
BRDA:143,14,1,0
BRDA:146,15,0,0
BRDA:146,15,1,0
BRDA:156,16,0,0
BRDA:156,16,1,0
BRDA:168,17,0,0
BRDA:168,17,1,0
BRDA:169,18,0,0
BRDA:169,18,1,0
BRF:38
BRH:0
end_of_record
TN:
SF:src/components/invoices/TaxBases.jsx
FN:5,TaxBases
FN:6,(anonymous_1)
FN:18,(anonymous_2)
FN:21,(anonymous_3)
FN:21,(anonymous_4)
FN:27,(anonymous_5)
FN:34,(anonymous_6)
FN:45,(anonymous_7)
FN:69,(anonymous_8)
FNF:9
FNH:0
FNDA:0,TaxBases
FNDA:0,(anonymous_1)
FNDA:0,(anonymous_2)
FNDA:0,(anonymous_3)
FNDA:0,(anonymous_4)
FNDA:0,(anonymous_5)
FNDA:0,(anonymous_6)
FNDA:0,(anonymous_7)
FNDA:0,(anonymous_8)
DA:6,0
DA:7,0
DA:8,0
DA:11,0
DA:12,0
DA:13,0
DA:15,0
DA:18,0
DA:19,0
DA:21,0
DA:23,0
DA:28,0
DA:34,0
DA:45,0
DA:69,0
LF:15
LH:0
BRDA:11,0,0,0
BRDA:11,0,1,0
BRDA:12,1,0,0
BRDA:12,1,1,0
BRDA:54,2,0,0
BRDA:54,2,1,0
BRDA:68,3,0,0
BRDA:68,3,1,0
BRDA:74,4,0,0
BRDA:74,4,1,0
BRF:10
BRH:0
end_of_record
TN:
SF:src/components/invoices/TestPdfViewer.jsx
FN:4,TestPdfViewer
FNF:1
FNH:0
FNDA:0,TestPdfViewer
DA:5,0
LF:1
LH:0
BRF:0
BRH:0
end_of_record
TN:
SF:src/components/layout/Breadcrumb.jsx
FN:3,Breadcrumb
FN:7,(anonymous_1)
FNF:2
FNH:0
FNDA:0,Breadcrumb
FNDA:0,(anonymous_1)
DA:4,0
DA:8,0
LF:2
LH:0
BRDA:10,0,0,0
BRDA:10,0,1,0
BRDA:11,1,0,0
BRDA:11,1,1,0
BRDA:13,2,0,0
BRDA:13,2,1,0
BRF:6
BRH:0
end_of_record
TN:
SF:src/components/layout/NavBar.jsx
FN:8,NavBar
FN:104,(anonymous_1)
FN:114,(anonymous_2)
FNF:3
FNH:0
FNDA:0,NavBar
FNDA:0,(anonymous_1)
FNDA:0,(anonymous_2)
DA:9,0
DA:10,0
DA:14,0
DA:104,0
DA:114,0
LF:5
LH:0
BRDA:10,0,0,0
BRDA:10,0,1,0
BRDA:11,1,0,0
BRDA:11,1,1,0
BRDA:96,2,0,0
BRDA:96,2,1,0
BRDA:99,3,0,0
BRDA:99,3,1,0
BRF:8
BRH:0
end_of_record
TN:
SF:src/components/ui/buttons/CancelButton.jsx
FN:3,CancelButton
FNF:1
FNH:0
FNDA:0,CancelButton
DA:4,0
LF:1
LH:0
BRDA:3,0,0,0
BRDA:3,1,0,0
BRF:2
BRH:0
end_of_record
TN:
SF:src/components/ui/buttons/DeleteButton.jsx
FN:4,DeleteButton
FNF:1
FNH:0
FNDA:0,DeleteButton
DA:5,0
LF:1
LH:0
BRDA:4,0,0,0
BRDA:4,1,0,0
BRF:2
BRH:0
end_of_record
TN:
SF:src/components/ui/buttons/EditButton.jsx
FN:4,EditButton
FNF:1
FNH:0
FNDA:0,EditButton
DA:5,0
LF:1
LH:0
BRDA:4,0,0,0
BRDA:4,1,0,0
BRF:2
BRH:0
end_of_record
TN:
SF:src/components/ui/buttons/SaveButton.jsx
FN:4,SaveButton
FNF:1
FNH:0
FNDA:0,SaveButton
DA:5,0
LF:1
LH:0
BRDA:4,0,0,0
BRDA:4,1,0,0
BRF:2
BRH:0
end_of_record
TN:
SF:src/components/ui/buttons/SmallDeleteButton.jsx
FN:4,SmallDeleteButton
FNF:1
FNH:0
FNDA:0,SmallDeleteButton
DA:5,0
LF:1
LH:0
BRDA:4,0,0,0
BRDA:4,1,0,0
BRF:2
BRH:0
end_of_record
TN:
SF:src/constants/businessStatuses.js
FNF:0
FNH:0
DA:1,0
LF:1
LH:0
BRF:0
BRH:0
end_of_record
TN:
SF:src/constants/companyTypes.js
FNF:0
FNH:0
DA:2,0
LF:1
LH:0
BRF:0
BRH:0
end_of_record
TN:
SF:src/constants/paymentMethods.js
FNF:0
FNH:0
DA:2,0
LF:1
LH:0
BRF:0
BRH:0
end_of_record
TN:
SF:src/constants/paymentTerms.js
FNF:0
FNH:0
DA:2,0
LF:1
LH:0
BRF:0
BRH:0
end_of_record
TN:
SF:src/constants/translations.js
FNF:0
FNH:0
DA:2,0
LF:1
LH:0
BRF:0
BRH:0
end_of_record
TN:
SF:src/hooks/useAuth.js
FN:5,useAuth
FN:8,(anonymous_1)
FNF:2
FNH:0
FNDA:0,useAuth
FNDA:0,(anonymous_1)
DA:6,0
DA:8,0
DA:9,0
DA:11,0
DA:15,0
DA:17,0
DA:22,0
DA:24,0
DA:25,0
DA:26,0
DA:27,0
DA:31,0
DA:33,0
DA:34,0
DA:38,0
LF:15
LH:0
BRDA:11,0,0,0
BRDA:11,0,1,0
BRDA:13,1,0,0
BRDA:13,1,1,0
BRDA:24,2,0,0
BRDA:24,2,1,0
BRDA:26,3,0,0
BRDA:26,3,1,0
BRF:8
BRH:0
end_of_record
TN:
SF:src/modules/clients/clientColumns.jsx
FN:5,useClientColumns
FN:11,(anonymous_1)
FN:12,(anonymous_2)
FN:21,(anonymous_3)
FN:24,(anonymous_4)
FN:28,(anonymous_5)
FN:30,(anonymous_6)
FN:34,(anonymous_7)
FN:36,(anonymous_8)
FN:40,(anonymous_9)
FN:43,(anonymous_10)
FN:47,(anonymous_11)
FN:49,(anonymous_12)
FN:53,(anonymous_13)
FN:56,(anonymous_14)
FN:60,(anonymous_15)
FN:63,(anonymous_16)
FN:67,(anonymous_17)
FN:70,(anonymous_18)
FN:74,(anonymous_19)
FNF:20
FNH:0
FNDA:0,useClientColumns
FNDA:0,(anonymous_1)
FNDA:0,(anonymous_2)
FNDA:0,(anonymous_3)
FNDA:0,(anonymous_4)
FNDA:0,(anonymous_5)
FNDA:0,(anonymous_6)
FNDA:0,(anonymous_7)
FNDA:0,(anonymous_8)
FNDA:0,(anonymous_9)
FNDA:0,(anonymous_10)
FNDA:0,(anonymous_11)
FNDA:0,(anonymous_12)
FNDA:0,(anonymous_13)
FNDA:0,(anonymous_14)
FNDA:0,(anonymous_15)
FNDA:0,(anonymous_16)
FNDA:0,(anonymous_17)
FNDA:0,(anonymous_18)
FNDA:0,(anonymous_19)
DA:6,0
DA:8,0
DA:12,0
DA:21,0
DA:24,0
DA:28,0
DA:30,0
DA:34,0
DA:36,0
DA:40,0
DA:43,0
DA:47,0
DA:49,0
DA:53,0
DA:56,0
DA:60,0
DA:63,0
DA:67,0
DA:70,0
DA:74,0
LF:20
LH:0
BRDA:28,0,0,0
BRDA:28,0,1,0
BRDA:30,1,0,0
BRDA:30,1,1,0
BRDA:60,2,0,0
BRDA:60,2,1,0
BRDA:63,3,0,0
BRDA:63,3,1,0
BRDA:67,4,0,0
BRDA:67,4,1,0
BRDA:70,5,0,0
BRDA:70,5,1,0
BRDA:74,6,0,0
BRDA:74,6,1,0
BRF:14
BRH:0
end_of_record
TN:
SF:src/modules/clients/useClientForm.js
FN:5,useClientForm
FN:36,(anonymous_1)
FN:42,(anonymous_2)
FN:45,(anonymous_3)
FN:50,(anonymous_4)
FN:58,(anonymous_5)
FN:59,(anonymous_6)
FN:63,(anonymous_7)
FN:82,(anonymous_8)
FN:83,(anonymous_9)
FN:86,(anonymous_10)
FN:104,(anonymous_11)
FN:105,(anonymous_12)
FNF:13
FNH:0
FNDA:0,useClientForm
FNDA:0,(anonymous_1)
FNDA:0,(anonymous_2)
FNDA:0,(anonymous_3)
FNDA:0,(anonymous_4)
FNDA:0,(anonymous_5)
FNDA:0,(anonymous_6)
FNDA:0,(anonymous_7)
FNDA:0,(anonymous_8)
FNDA:0,(anonymous_9)
FNDA:0,(anonymous_10)
FNDA:0,(anonymous_11)
FNDA:0,(anonymous_12)
DA:7,0
DA:24,0
DA:25,0
DA:26,0
DA:33,0
DA:36,0
DA:37,0
DA:39,0
DA:40,0
DA:41,0
DA:42,0
DA:43,0
DA:45,0
DA:46,0
DA:49,0
DA:50,0
DA:51,0
DA:58,0
DA:59,0
DA:60,0
DA:62,0
DA:63,0
DA:64,0
DA:65,0
DA:68,0
DA:69,0
DA:70,0
DA:71,0
DA:75,0
DA:82,0
DA:83,0
DA:85,0
DA:86,0
DA:87,0
DA:88,0
DA:90,0
DA:93,0
DA:94,0
DA:95,0
DA:96,0
DA:104,0
DA:105,0
DA:108,0
LF:43
LH:0
BRDA:5,0,0,0
BRDA:37,1,0,0
BRDA:37,1,1,0
BRDA:37,2,0,0
BRDA:37,2,1,0
BRDA:40,3,0,0
BRDA:40,3,1,0
BRDA:41,4,0,0
BRDA:41,4,1,0
BRDA:64,5,0,0
BRDA:64,5,1,0
BRDA:64,6,0,0
BRDA:64,6,1,0
BRDA:68,7,0,0
BRDA:68,7,1,0
BRDA:69,8,0,0
BRDA:69,8,1,0
BRDA:70,9,0,0
BRDA:70,9,1,0
BRDA:87,10,0,0
BRDA:87,10,1,0
BRDA:87,11,0,0
BRDA:87,11,1,0
BRDA:93,12,0,0
BRDA:93,12,1,0
BRDA:94,13,0,0
BRDA:94,13,1,0
BRDA:95,14,0,0
BRDA:95,14,1,0
BRF:29
BRH:0
end_of_record
TN:
SF:src/modules/clients/useClients.js
FN:4,useClients
FN:10,(anonymous_1)
FN:13,(anonymous_2)
FN:27,(anonymous_3)
FNF:4
FNH:0
FNDA:0,useClients
FNDA:0,(anonymous_1)
FNDA:0,(anonymous_2)
FNDA:0,(anonymous_3)
DA:5,0
DA:6,0
DA:7,0
DA:8,0
DA:10,0
DA:11,0
DA:13,0
DA:14,0
DA:15,0
DA:16,0
DA:18,0
DA:19,0
DA:21,0
DA:25,0
DA:27,0
DA:28,0
DA:32,0
LF:17
LH:0
BRDA:16,0,0,0
BRDA:16,0,1,0
BRDA:19,1,0,0
BRDA:19,1,1,0
BRDA:21,2,0,0
BRDA:21,2,1,0
BRF:6
BRH:0
end_of_record
TN:
SF:src/modules/common/datatableStyles.js
FNF:0
FNH:0
DA:2,1
LF:1
LH:1
BRF:0
BRH:0
end_of_record
TN:
SF:src/modules/invoices/BusinessStatusCell.jsx
FN:4,BusinessStatusCell
FN:13,(anonymous_1)
FN:21,(anonymous_2)
FNF:3
FNH:0
FNDA:0,BusinessStatusCell
FNDA:0,(anonymous_1)
FNDA:0,(anonymous_2)
DA:5,0
DA:10,0
DA:13,0
DA:14,0
DA:20,0
DA:21,0
DA:25,0
DA:27,0
LF:8
LH:0
BRDA:6,0,0,0
BRDA:6,0,1,0
BRDA:7,1,0,0
BRDA:7,1,1,0
BRDA:7,2,0,0
BRDA:7,2,1,0
BRDA:15,3,0,0
BRDA:15,3,1,0
BRDA:16,4,0,0
BRDA:16,4,1,0
BRDA:16,5,0,0
BRDA:16,5,1,0
BRDA:20,6,0,0
BRDA:20,6,1,0
BRDA:25,7,0,0
BRDA:25,7,1,0
BRDA:38,8,0,0
BRDA:38,8,1,0
BRDA:40,9,0,0
BRDA:40,9,1,0
BRF:20
BRH:0
end_of_record
TN:
SF:src/modules/invoices/TechnicalStatusCell.jsx
FN:4,TechnicalStatusCell
FN:15,(anonymous_1)
FN:22,(anonymous_2)
FN:46,(anonymous_3)
FN:61,(anonymous_4)
FNF:5
FNH:0
FNDA:0,TechnicalStatusCell
FNDA:0,(anonymous_1)
FNDA:0,(anonymous_2)
FNDA:0,(anonymous_3)
FNDA:0,(anonymous_4)
DA:5,0
DA:6,0
DA:7,0
DA:9,0
DA:10,0
DA:11,0
DA:12,0
DA:13,0
DA:15,0
DA:16,0
DA:17,0
DA:19,0
DA:20,0
DA:22,0
DA:23,0
DA:25,0
DA:26,0
DA:32,0
DA:33,0
DA:35,0
DA:36,0
DA:40,0
DA:41,0
DA:46,0
DA:47,0
DA:48,0
DA:53,0
DA:54,0
DA:57,0
DA:61,0
DA:62,0
DA:63,0
DA:67,0
LF:33
LH:0
BRDA:5,0,0,0
BRDA:5,0,1,0
BRDA:7,1,0,0
BRDA:7,1,1,0
BRDA:10,2,0,0
BRDA:10,2,1,0
BRDA:10,3,0,0
BRDA:10,3,1,0
BRDA:11,4,0,0
BRDA:11,4,1,0
BRDA:12,5,0,0
BRDA:12,5,1,0
BRDA:16,6,0,0
BRDA:16,6,1,0
BRDA:17,7,0,0
BRDA:17,7,1,0
BRDA:23,8,0,0
BRDA:23,8,1,0
BRDA:32,9,0,0
BRDA:32,9,1,0
BRDA:35,10,0,0
BRDA:35,10,1,0
BRDA:53,11,0,0
BRDA:53,11,1,0
BRF:24
BRH:0
end_of_record
TN:
SF:src/modules/invoices/invoiceColumns.jsx
FN:9,useInvoiceColumns
FN:13,(anonymous_1)
FN:16,(anonymous_2)
FN:17,(anonymous_3)
FN:44,(anonymous_4)
FN:50,(anonymous_5)
FN:59,(anonymous_6)
FN:75,(anonymous_7)
FN:103,(anonymous_8)
FN:118,(anonymous_9)
FN:143,(anonymous_10)
FN:204,(anonymous_11)
FN:245,(anonymous_12)
FN:275,(anonymous_13)
FN:278,(anonymous_14)
FN:282,(anonymous_15)
FN:288,(anonymous_16)
FN:291,(anonymous_17)
FN:295,(anonymous_18)
FN:298,(anonymous_19)
FN:302,(anonymous_20)
FN:305,(anonymous_21)
FN:309,(anonymous_22)
FN:312,(anonymous_23)
FN:316,(anonymous_24)
FN:319,(anonymous_25)
FN:324,(anonymous_26)
FN:327,(anonymous_27)
FN:331,(anonymous_28)
FN:334,(anonymous_29)
FN:349,(anonymous_30)
FN:366,(anonymous_31)
FN:369,(anonymous_32)
FN:379,(anonymous_33)
FN:385,(anonymous_34)
FNF:35
FNH:0
FNDA:0,useInvoiceColumns
FNDA:0,(anonymous_1)
FNDA:0,(anonymous_2)
FNDA:0,(anonymous_3)
FNDA:0,(anonymous_4)
FNDA:0,(anonymous_5)
FNDA:0,(anonymous_6)
FNDA:0,(anonymous_7)
FNDA:0,(anonymous_8)
FNDA:0,(anonymous_9)
FNDA:0,(anonymous_10)
FNDA:0,(anonymous_11)
FNDA:0,(anonymous_12)
FNDA:0,(anonymous_13)
FNDA:0,(anonymous_14)
FNDA:0,(anonymous_15)
FNDA:0,(anonymous_16)
FNDA:0,(anonymous_17)
FNDA:0,(anonymous_18)
FNDA:0,(anonymous_19)
FNDA:0,(anonymous_20)
FNDA:0,(anonymous_21)
FNDA:0,(anonymous_22)
FNDA:0,(anonymous_23)
FNDA:0,(anonymous_24)
FNDA:0,(anonymous_25)
FNDA:0,(anonymous_26)
FNDA:0,(anonymous_27)
FNDA:0,(anonymous_28)
FNDA:0,(anonymous_29)
FNDA:0,(anonymous_30)
FNDA:0,(anonymous_31)
FNDA:0,(anonymous_32)
FNDA:0,(anonymous_33)
FNDA:0,(anonymous_34)
DA:10,0
DA:13,0
DA:14,0
DA:16,0
DA:17,0
DA:18,0
DA:19,0
DA:20,0
DA:22,0
DA:23,0
DA:24,0
DA:25,0
DA:27,0
DA:30,0
DA:33,0
DA:38,0
DA:46,0
DA:50,0
DA:59,0
DA:76,0
DA:77,0
DA:78,0
DA:79,0
DA:81,0
DA:82,0
DA:83,0
DA:84,0
DA:85,0
DA:86,0
DA:87,0
DA:88,0
DA:89,0
DA:90,0
DA:92,0
DA:104,0
DA:105,0
DA:106,0
DA:119,0
DA:120,0
DA:123,0
DA:127,0
DA:129,0
DA:144,0
DA:146,0
DA:147,0
DA:150,0
DA:151,0
DA:153,0
DA:154,0
DA:155,0
DA:156,0
DA:158,0
DA:159,0
DA:162,0
DA:163,0
DA:164,0
DA:165,0
DA:168,0
DA:169,0
DA:170,0
DA:175,0
DA:177,0
DA:180,0
DA:181,0
DA:205,0
DA:207,0
DA:209,0
DA:212,0
DA:213,0
DA:216,0
DA:217,0
DA:218,0
DA:219,0
DA:223,0
DA:225,0
DA:226,0
DA:246,0
DA:248,0
DA:249,0
DA:252,0
DA:255,0
DA:256,0
DA:257,0
DA:260,0
DA:262,0
DA:263,0
DA:275,0
DA:278,0
DA:282,0
DA:288,0
DA:291,0
DA:295,0
DA:298,0
DA:302,0
DA:305,0
DA:309,0
DA:312,0
DA:316,0
DA:319,0
DA:324,0
DA:327,0
DA:331,0
DA:336,0
DA:339,0
DA:340,0
DA:344,0
DA:350,0
DA:351,0
DA:352,0
DA:353,0
DA:355,0
DA:356,0
DA:366,0
DA:370,0
DA:379,0
DA:385,0
LF:116
LH:0
BRDA:13,0,0,0
BRDA:13,1,0,0
BRDA:22,2,0,0
BRDA:22,2,1,0
BRDA:24,3,0,0
BRDA:24,3,1,0
BRDA:50,4,0,0
BRDA:50,4,1,0
BRDA:59,5,0,0
BRDA:59,5,1,0
BRDA:62,6,0,0
BRDA:62,6,1,0
BRDA:62,6,2,0
BRDA:76,7,0,0
BRDA:76,7,1,0
BRDA:79,8,0,0
BRDA:79,8,1,0
BRDA:104,9,0,0
BRDA:104,9,1,0
BRDA:123,10,0,0
BRDA:123,10,1,0
BRDA:138,11,0,0
BRDA:138,11,1,0
BRDA:139,12,0,0
BRDA:139,12,1,0
BRDA:141,13,0,0
BRDA:141,13,1,0
BRDA:144,14,0,0
BRDA:144,14,1,0
BRDA:144,15,0,0
BRDA:144,15,1,0
BRDA:153,16,0,0
BRDA:153,16,1,0
BRDA:169,17,0,0
BRDA:169,17,1,0
BRDA:192,18,0,0
BRDA:192,18,1,0
BRDA:193,19,0,0
BRDA:193,19,1,0
BRDA:199,20,0,0
BRDA:199,20,1,0
BRDA:201,21,0,0
BRDA:201,21,1,0
BRDA:203,22,0,0
BRDA:203,22,1,0
BRDA:205,23,0,0
BRDA:205,23,1,0
BRDA:213,24,0,0
BRDA:213,24,1,0
BRDA:216,25,0,0
BRDA:216,25,1,0
BRDA:217,26,0,0
BRDA:217,26,1,0
BRDA:240,27,0,0
BRDA:240,27,1,0
BRDA:241,28,0,0
BRDA:241,28,1,0
BRDA:243,29,0,0
BRDA:243,29,1,0
BRDA:244,30,0,0
BRDA:244,30,1,0
BRDA:246,31,0,0
BRDA:246,31,1,0
BRDA:246,32,0,0
BRDA:246,32,1,0
BRDA:255,33,0,0
BRDA:255,33,1,0
BRDA:275,34,0,0
BRDA:275,34,1,0
BRDA:278,35,0,0
BRDA:278,35,1,0
BRDA:282,36,0,0
BRDA:282,36,1,0
BRDA:288,37,0,0
BRDA:288,37,1,0
BRDA:291,38,0,0
BRDA:291,38,1,0
BRDA:295,39,0,0
BRDA:295,39,1,0
BRDA:298,40,0,0
BRDA:298,40,1,0
BRDA:302,41,0,0
BRDA:302,41,1,0
BRDA:305,42,0,0
BRDA:305,42,1,0
BRDA:331,43,0,0
BRDA:331,43,1,0
BRDA:336,44,0,0
BRDA:336,44,1,0
BRDA:340,45,0,0
BRDA:340,45,1,0
BRDA:350,46,0,0
BRDA:350,46,1,0
BRDA:353,47,0,0
BRDA:353,47,1,0
BRDA:366,48,0,0
BRDA:366,48,1,0
BRDA:379,49,0,0
BRDA:379,49,1,0
BRDA:385,50,0,0
BRDA:385,50,1,0
BRF:101
BRH:0
end_of_record
TN:
SF:src/modules/sellers/sellerColumns.jsx
FN:6,useSellerColumns
FN:12,(anonymous_1)
FN:13,(anonymous_2)
FN:22,(anonymous_3)
FN:25,(anonymous_4)
FN:29,(anonymous_5)
FN:31,(anonymous_6)
FN:35,(anonymous_7)
FN:37,(anonymous_8)
FN:41,(anonymous_9)
FN:44,(anonymous_10)
FN:48,(anonymous_11)
FN:50,(anonymous_12)
FN:54,(anonymous_13)
FN:57,(anonymous_14)
FN:61,(anonymous_15)
FN:64,(anonymous_16)
FN:68,(anonymous_17)
FN:71,(anonymous_18)
FNF:19
FNH:0
FNDA:0,useSellerColumns
FNDA:0,(anonymous_1)
FNDA:0,(anonymous_2)
FNDA:0,(anonymous_3)
FNDA:0,(anonymous_4)
FNDA:0,(anonymous_5)
FNDA:0,(anonymous_6)
FNDA:0,(anonymous_7)
FNDA:0,(anonymous_8)
FNDA:0,(anonymous_9)
FNDA:0,(anonymous_10)
FNDA:0,(anonymous_11)
FNDA:0,(anonymous_12)
FNDA:0,(anonymous_13)
FNDA:0,(anonymous_14)
FNDA:0,(anonymous_15)
FNDA:0,(anonymous_16)
FNDA:0,(anonymous_17)
FNDA:0,(anonymous_18)
DA:7,0
DA:9,0
DA:13,0
DA:22,0
DA:25,0
DA:29,0
DA:31,0
DA:35,0
DA:37,0
DA:41,0
DA:44,0
DA:48,0
DA:50,0
DA:54,0
DA:57,0
DA:61,0
DA:64,0
DA:68,0
DA:71,0
LF:19
LH:0
BRDA:68,0,0,0
BRDA:68,0,1,0
BRDA:71,1,0,0
BRDA:71,1,1,0
BRF:4
BRH:0
end_of_record
TN:
SF:src/modules/sellers/useSellerForm.js
FN:6,useSellerForm
FN:43,(anonymous_1)
FN:48,(anonymous_2)
FN:51,(anonymous_3)
FN:56,(anonymous_4)
FN:66,(anonymous_5)
FN:67,(anonymous_6)
FN:71,(anonymous_7)
FN:80,(anonymous_8)
FN:81,(anonymous_9)
FN:84,(anonymous_10)
FN:90,(anonymous_11)
FN:91,(anonymous_12)
FNF:13
FNH:0
FNDA:0,useSellerForm
FNDA:0,(anonymous_1)
FNDA:0,(anonymous_2)
FNDA:0,(anonymous_3)
FNDA:0,(anonymous_4)
FNDA:0,(anonymous_5)
FNDA:0,(anonymous_6)
FNDA:0,(anonymous_7)
FNDA:0,(anonymous_8)
FNDA:0,(anonymous_9)
FNDA:0,(anonymous_10)
FNDA:0,(anonymous_11)
FNDA:0,(anonymous_12)
DA:7,0
DA:27,0
DA:28,0
DA:29,0
DA:37,0
DA:42,0
DA:44,0
DA:45,0
DA:46,0
DA:47,0
DA:48,0
DA:49,0
DA:51,0
DA:52,0
DA:55,0
DA:56,0
DA:57,0
DA:66,0
DA:67,0
DA:68,0
DA:70,0
DA:71,0
DA:73,0
DA:80,0
DA:81,0
DA:83,0
DA:84,0
DA:90,0
DA:91,0
DA:94,0
LF:30
LH:0
BRDA:6,0,0,0
BRDA:44,1,0,0
BRDA:44,1,1,0
BRDA:46,2,0,0
BRDA:46,2,1,0
BRDA:47,3,0,0
BRDA:47,3,1,0
BRF:7
BRH:0
end_of_record
TN:
SF:src/modules/sellers/useSellers.js
FN:5,useSellers
FN:11,(anonymous_1)
FN:14,(anonymous_2)
FN:28,(anonymous_3)
FNF:4
FNH:0
FNDA:0,useSellers
FNDA:0,(anonymous_1)
FNDA:0,(anonymous_2)
FNDA:0,(anonymous_3)
DA:6,0
DA:7,0
DA:8,0
DA:9,0
DA:11,0
DA:12,0
DA:14,0
DA:15,0
DA:16,0
DA:17,0
DA:19,0
DA:20,0
DA:22,0
DA:26,0
DA:28,0
DA:29,0
DA:33,0
LF:17
LH:0
BRDA:17,0,0,0
BRDA:17,0,1,0
BRDA:20,1,0,0
BRDA:20,1,1,0
BRDA:22,2,0,0
BRDA:22,2,1,0
BRF:6
BRH:0
end_of_record
TN:
SF:src/pages/AuthTest.jsx
FN:6,(anonymous_0)
FNF:1
FNH:0
FNDA:0,(anonymous_0)
DA:6,0
DA:7,0
DA:9,0
DA:11,0
LF:4
LH:0
BRDA:9,0,0,0
BRDA:9,0,1,0
BRDA:14,1,0,0
BRDA:14,1,1,0
BRF:4
BRH:0
end_of_record
TN:
SF:src/pages/Home.jsx
FN:16,Home
FN:24,(anonymous_1)
FN:25,(anonymous_2)
FN:55,(anonymous_3)
FN:65,(anonymous_4)
FN:68,(anonymous_5)
FN:71,(anonymous_6)
FN:77,(anonymous_7)
FN:81,(anonymous_8)
FN:88,(anonymous_9)
FN:90,(anonymous_10)
FN:94,(anonymous_11)
FN:100,(anonymous_12)
FN:101,(anonymous_13)
FN:104,(anonymous_14)
FN:113,(anonymous_15)
FN:115,(anonymous_16)
FN:144,(anonymous_17)
FN:171,(anonymous_18)
FN:202,(anonymous_19)
FN:208,(anonymous_20)
FN:236,(anonymous_21)
FN:265,(anonymous_22)
FN:269,(anonymous_23)
FNF:24
FNH:0
FNDA:0,Home
FNDA:0,(anonymous_1)
FNDA:0,(anonymous_2)
FNDA:0,(anonymous_3)
FNDA:0,(anonymous_4)
FNDA:0,(anonymous_5)
FNDA:0,(anonymous_6)
FNDA:0,(anonymous_7)
FNDA:0,(anonymous_8)
FNDA:0,(anonymous_9)
FNDA:0,(anonymous_10)
FNDA:0,(anonymous_11)
FNDA:0,(anonymous_12)
FNDA:0,(anonymous_13)
FNDA:0,(anonymous_14)
FNDA:0,(anonymous_15)
FNDA:0,(anonymous_16)
FNDA:0,(anonymous_17)
FNDA:0,(anonymous_18)
FNDA:0,(anonymous_19)
FNDA:0,(anonymous_20)
FNDA:0,(anonymous_21)
FNDA:0,(anonymous_22)
FNDA:0,(anonymous_23)
DA:17,0
DA:18,0
DA:19,0
DA:20,0
DA:21,0
DA:22,0
DA:24,0
DA:25,0
DA:26,0
DA:27,0
DA:28,0
DA:29,0
DA:30,0
DA:32,0
DA:33,0
DA:34,0
DA:36,0
DA:37,0
DA:39,0
DA:42,0
DA:45,0
DA:47,0
DA:48,0
DA:55,0
DA:65,0
DA:68,0
DA:71,0
DA:76,0
DA:77,0
DA:80,0
DA:81,0
DA:83,0
DA:85,0
DA:87,0
DA:88,0
DA:90,0
DA:93,0
DA:94,0
DA:95,0
DA:96,0
DA:97,0
DA:99,0
DA:100,0
DA:101,0
DA:104,0
DA:105,0
DA:107,0
DA:108,0
DA:110,0
DA:111,0
DA:112,0
DA:113,0
DA:116,0
DA:117,0
DA:118,0
DA:122,0
DA:145,0
DA:172,0
DA:203,0
DA:208,0
DA:237,0
DA:266,0
DA:270,0
LF:63
LH:0
BRDA:28,0,0,0
BRDA:28,0,1,0
BRDA:45,1,0,0
BRDA:45,1,1,0
BRDA:47,2,0,0
BRDA:47,2,1,0
BRDA:83,3,0,0
BRDA:83,3,1,0
BRDA:84,4,0,0
BRDA:84,4,1,0
BRDA:84,5,0,0
BRDA:84,5,1,0
BRDA:85,6,0,0
BRDA:85,6,1,0
BRDA:85,7,0,0
BRDA:85,7,1,0
BRDA:85,8,0,0
BRDA:85,8,1,0
BRDA:95,9,0,0
BRDA:95,9,1,0
BRDA:97,10,0,0
BRDA:97,10,1,0
BRDA:97,11,0,0
BRDA:97,11,1,0
BRDA:105,12,0,0
BRDA:105,12,1,0
BRDA:105,13,0,0
BRDA:105,13,1,0
BRDA:108,14,0,0
BRDA:108,14,1,0
BRDA:108,15,0,0
BRDA:108,15,1,0
BRDA:252,16,0,0
BRDA:252,16,1,0
BRDA:273,17,0,0
BRDA:273,17,1,0
BRDA:273,17,2,0
BRDA:286,18,0,0
BRDA:286,18,1,0
BRF:39
BRH:0
end_of_record
TN:
SF:src/pages/NotFound.jsx
FN:4,NotFound
FNF:1
FNH:0
FNDA:0,NotFound
DA:5,0
DA:8,0
DA:13,0
LF:3
LH:0
BRF:0
BRH:0
end_of_record
TN:
SF:src/pages/clients/ClientDetail.jsx
FN:9,ClientDetail
FN:23,(anonymous_1)
FN:27,(anonymous_2)
FN:42,(anonymous_3)
FN:48,(anonymous_4)
FN:57,(anonymous_5)
FN:70,(anonymous_6)
FN:109,(anonymous_7)
FN:111,(anonymous_8)
FNF:9
FNH:0
FNDA:0,ClientDetail
FNDA:0,(anonymous_1)
FNDA:0,(anonymous_2)
FNDA:0,(anonymous_3)
FNDA:0,(anonymous_4)
FNDA:0,(anonymous_5)
FNDA:0,(anonymous_6)
FNDA:0,(anonymous_7)
FNDA:0,(anonymous_8)
DA:10,0
DA:11,0
DA:12,0
DA:13,0
DA:14,0
DA:15,0
DA:18,0
DA:23,0
DA:24,0
DA:25,0
DA:27,0
DA:28,0
DA:29,0
DA:30,0
DA:31,0
DA:33,0
DA:34,0
DA:36,0
DA:40,0
DA:42,0
DA:48,0
DA:49,0
DA:50,0
DA:51,0
DA:52,0
DA:53,0
DA:54,0
DA:57,0
DA:58,0
DA:59,0
DA:62,0
DA:63,0
DA:70,0
DA:71,0
DA:72,0
DA:74,0
DA:75,0
DA:76,0
DA:78,0
DA:82,0
DA:83,0
DA:85,0
DA:91,0
DA:109,0
DA:111,0
LF:45
LH:0
BRDA:24,0,0,0
BRDA:24,0,1,0
BRDA:30,1,0,0
BRDA:30,1,1,0
BRDA:34,2,0,0
BRDA:34,2,1,0
BRDA:36,3,0,0
BRDA:36,3,1,0
BRDA:72,4,0,0
BRDA:72,4,1,0
BRDA:82,5,0,0
BRDA:82,5,1,0
BRDA:83,6,0,0
BRDA:83,6,1,0
BRDA:88,7,0,0
BRDA:88,7,1,0
BRDA:95,8,0,0
BRDA:95,8,1,0
BRDA:102,9,0,0
BRDA:102,9,1,0
BRDA:108,10,0,0
BRDA:108,10,1,0
BRF:22
BRH:0
end_of_record
TN:
SF:src/pages/clients/ClientForm.jsx
FN:13,(anonymous_0)
FN:15,ClientForm
FN:29,(anonymous_2)
FN:33,(anonymous_3)
FN:54,(anonymous_4)
FN:88,(anonymous_5)
FN:94,(anonymous_6)
FN:124,sectionHasError
FN:133,(anonymous_8)
FNF:9
FNH:0
FNDA:0,(anonymous_0)
FNDA:0,ClientForm
FNDA:0,(anonymous_2)
FNDA:0,(anonymous_3)
FNDA:0,(anonymous_4)
FNDA:0,(anonymous_5)
FNDA:0,(anonymous_6)
FNDA:0,sectionHasError
FNDA:0,(anonymous_8)
DA:12,0
DA:13,0
DA:27,0
DA:29,0
DA:30,0
DA:33,0
DA:34,0
DA:37,0
DA:40,0
DA:41,0
DA:44,0
DA:45,0
DA:46,0
DA:48,0
DA:49,0
DA:54,0
DA:55,0
DA:56,0
DA:61,0
DA:62,0
DA:75,0
DA:79,0
DA:86,0
DA:89,0
DA:90,0
DA:92,0
DA:94,0
DA:125,0
DA:132,0
DA:133,0
LF:30
LH:0
BRDA:15,0,0,0
BRDA:15,1,0,0
BRDA:37,2,0,0
BRDA:37,2,1,0
BRDA:44,3,0,0
BRDA:44,3,1,0
BRDA:44,4,0,0
BRDA:44,4,1,0
BRDA:44,4,2,0
BRDA:46,5,0,0
BRDA:46,5,1,0
BRDA:48,6,0,0
BRDA:48,6,1,0
BRDA:55,7,0,0
BRDA:55,7,1,0
BRDA:55,8,0,0
BRDA:55,8,1,0
BRDA:61,9,0,0
BRDA:61,9,1,0
BRDA:61,10,0,0
BRDA:61,10,1,0
BRDA:65,11,0,0
BRDA:65,11,1,0
BRDA:67,12,0,0
BRDA:67,12,1,0
BRDA:67,13,0,0
BRDA:67,13,1,0
BRDA:68,14,0,0
BRDA:68,14,1,0
BRDA:68,15,0,0
BRDA:68,15,1,0
BRDA:69,16,0,0
BRDA:69,16,1,0
BRDA:70,17,0,0
BRDA:70,17,1,0
BRDA:72,18,0,0
BRDA:72,18,1,0
BRDA:95,19,0,0
BRDA:95,19,1,0
BRDA:95,20,0,0
BRDA:95,20,1,0
BRDA:97,21,0,0
BRDA:97,21,1,0
BRDA:105,22,0,0
BRDA:105,22,1,0
BRDA:112,23,0,0
BRDA:112,23,1,0
BRDA:133,24,0,0
BRDA:133,24,1,0
BRDA:133,24,2,0
BRF:50
BRH:0
end_of_record
TN:
SF:src/pages/clients/ClientsList.jsx
FN:10,ClientsList
FN:15,(anonymous_1)
FN:17,(anonymous_2)
FN:39,(anonymous_3)
FN:56,(anonymous_4)
FNF:5
FNH:4
FNDA:5,ClientsList
FNDA:5,(anonymous_1)
FNDA:7,(anonymous_2)
FNDA:1,(anonymous_3)
FNDA:0,(anonymous_4)
DA:11,5
DA:12,5
DA:13,5
DA:15,5
DA:16,5
DA:17,7
DA:21,5
DA:26,5
DA:39,1
DA:57,0
LF:10
LH:9
BRDA:17,0,0,7
BRDA:17,0,1,7
BRDA:32,1,0,5
BRDA:32,1,1,1
BRF:4
BRH:4
end_of_record
TN:
SF:src/pages/clients/ClientsPage.jsx
FN:6,ClientsPage
FN:10,(anonymous_1)
FN:13,(anonymous_2)
FN:24,(anonymous_3)
FN:28,(anonymous_4)
FN:29,(anonymous_5)
FNF:6
FNH:0
FNDA:0,ClientsPage
FNDA:0,(anonymous_1)
FNDA:0,(anonymous_2)
FNDA:0,(anonymous_3)
FNDA:0,(anonymous_4)
FNDA:0,(anonymous_5)
DA:7,0
DA:8,0
DA:10,0
DA:11,0
DA:13,0
DA:14,0
DA:15,0
DA:16,0
DA:18,0
DA:22,0
DA:24,0
DA:28,0
DA:29,0
DA:32,0
LF:14
LH:0
BRDA:16,0,0,0
BRDA:16,0,1,0
BRF:2
BRH:0
end_of_record
TN:
SF:src/pages/clients/NewClient.jsx
FN:7,NewClient
FN:14,(anonymous_1)
FN:24,(anonymous_2)
FNF:3
FNH:0
FNDA:0,NewClient
FNDA:0,(anonymous_1)
FNDA:0,(anonymous_2)
DA:8,0
DA:9,0
DA:10,0
DA:11,0
DA:13,0
DA:14,0
DA:15,0
DA:16,0
DA:18,0
DA:19,0
DA:21,0
DA:22,0
DA:24,0
DA:25,0
DA:26,0
DA:29,0
DA:31,0
DA:35,0
DA:41,0
LF:19
LH:0
BRDA:49,0,0,0
BRDA:49,0,1,0
BRDA:54,1,0,0
BRDA:54,1,1,0
BRF:4
BRH:0
end_of_record
TN:
SF:src/pages/clients/fields/AddressFields.jsx
FN:4,AddressFields
FN:5,(anonymous_1)
FN:5,(anonymous_2)
FN:15,(anonymous_3)
FN:27,(anonymous_4)
FN:39,(anonymous_5)
FN:51,(anonymous_6)
FN:53,(anonymous_7)
FNF:8
FNH:0
FNDA:0,AddressFields
FNDA:0,(anonymous_1)
FNDA:0,(anonymous_2)
FNDA:0,(anonymous_3)
FNDA:0,(anonymous_4)
FNDA:0,(anonymous_5)
FNDA:0,(anonymous_6)
FNDA:0,(anonymous_7)
DA:5,0
DA:7,0
DA:15,0
DA:27,0
DA:39,0
DA:51,0
DA:53,0
LF:7
LH:0
BRF:0
BRH:0
end_of_record
TN:
SF:src/pages/clients/fields/ContactFields.jsx
FN:4,ContactFields
FN:5,(anonymous_1)
FN:5,(anonymous_2)
FN:15,(anonymous_3)
FN:27,(anonymous_4)
FNF:5
FNH:0
FNDA:0,ContactFields
FNDA:0,(anonymous_1)
FNDA:0,(anonymous_2)
FNDA:0,(anonymous_3)
FNDA:0,(anonymous_4)
DA:5,0
DA:7,0
DA:15,0
DA:27,0
LF:4
LH:0
BRF:0
BRH:0
end_of_record
TN:
SF:src/pages/clients/fields/FinanceFields.jsx
FN:4,FinanceFields
FN:5,(anonymous_1)
FN:5,(anonymous_2)
FN:14,(anonymous_3)
FNF:4
FNH:0
FNDA:0,FinanceFields
FNDA:0,(anonymous_1)
FNDA:0,(anonymous_2)
FNDA:0,(anonymous_3)
DA:5,0
DA:7,0
DA:14,0
LF:3
LH:0
BRF:0
BRH:0
end_of_record
TN:
SF:src/pages/clients/fields/LegalFields.jsx
FN:4,LegalFields
FN:5,(anonymous_1)
FN:5,(anonymous_2)
FN:19,(anonymous_3)
FN:32,(anonymous_4)
FN:49,(anonymous_5)
FN:63,(anonymous_6)
FN:80,(anonymous_7)
FN:92,(anonymous_8)
FNF:9
FNH:0
FNDA:0,LegalFields
FNDA:0,(anonymous_1)
FNDA:0,(anonymous_2)
FNDA:0,(anonymous_3)
FNDA:0,(anonymous_4)
FNDA:0,(anonymous_5)
FNDA:0,(anonymous_6)
FNDA:0,(anonymous_7)
FNDA:0,(anonymous_8)
DA:5,0
DA:7,0
DA:19,0
DA:32,0
DA:49,0
DA:63,0
DA:80,0
DA:92,0
LF:8
LH:0
BRDA:40,0,0,0
BRDA:40,0,1,0
BRDA:56,1,0,0
BRDA:56,1,1,0
BRF:4
BRH:0
end_of_record
TN:
SF:src/pages/invoices/InvoiceDetail.jsx
FN:9,InvoiceDetail
FN:19,(anonymous_1)
FN:24,(anonymous_2)
FN:46,(anonymous_3)
FN:49,(anonymous_4)
FN:58,(anonymous_5)
FN:65,(anonymous_6)
FN:79,(anonymous_7)
FN:99,(anonymous_8)
FNF:9
FNH:0
FNDA:0,InvoiceDetail
FNDA:0,(anonymous_1)
FNDA:0,(anonymous_2)
FNDA:0,(anonymous_3)
FNDA:0,(anonymous_4)
FNDA:0,(anonymous_5)
FNDA:0,(anonymous_6)
FNDA:0,(anonymous_7)
FNDA:0,(anonymous_8)
DA:10,0
DA:11,0
DA:12,0
DA:13,0
DA:14,0
DA:16,0
DA:17,0
DA:18,0
DA:19,0
DA:20,0
DA:21,0
DA:22,0
DA:24,0
DA:25,0
DA:27,0
DA:29,0
DA:30,0
DA:31,0
DA:32,0
DA:34,0
DA:38,0
DA:40,0
DA:44,0
DA:46,0
DA:49,0
DA:50,0
DA:52,0
DA:54,0
DA:55,0
DA:56,0
DA:58,0
DA:60,0
DA:61,0
DA:65,0
DA:66,0
DA:68,0
DA:69,0
DA:70,0
DA:71,0
DA:73,0
DA:74,0
DA:79,0
DA:80,0
DA:81,0
DA:82,0
DA:99,0
DA:100,0
DA:101,0
DA:123,0
DA:125,0
DA:131,0
LF:51
LH:0
BRDA:21,0,0,0
BRDA:21,0,1,0
BRDA:29,1,0,0
BRDA:29,1,1,0
BRDA:32,2,0,0
BRDA:32,2,1,0
BRDA:38,3,0,0
BRDA:38,3,1,0
BRDA:66,4,0,0
BRDA:66,4,1,0
BRDA:74,5,0,0
BRDA:74,5,1,0
BRDA:80,6,0,0
BRDA:80,6,1,0
BRDA:81,7,0,0
BRDA:81,7,1,0
BRDA:83,8,0,0
BRDA:83,8,1,0
BRDA:84,9,0,0
BRDA:84,9,1,0
BRDA:85,10,0,0
BRDA:85,10,1,0
BRDA:86,11,0,0
BRDA:86,11,1,0
BRDA:87,12,0,0
BRDA:87,12,1,0
BRDA:88,13,0,0
BRDA:88,13,1,0
BRDA:89,14,0,0
BRDA:89,14,1,0
BRDA:90,15,0,0
BRDA:90,15,1,0
BRDA:91,16,0,0
BRDA:91,16,1,0
BRDA:92,17,0,0
BRDA:92,17,1,0
BRDA:93,18,0,0
BRDA:93,18,1,0
BRDA:93,19,0,0
BRDA:93,19,1,0
BRDA:94,20,0,0
BRDA:94,20,1,0
BRDA:94,21,0,0
BRDA:94,21,1,0
BRDA:100,22,0,0
BRDA:100,22,1,0
BRDA:117,23,0,0
BRDA:117,23,1,0
BRDA:118,24,0,0
BRDA:118,24,1,0
BRDA:119,25,0,0
BRDA:119,25,1,0
BRDA:123,26,0,0
BRDA:123,26,1,0
BRDA:123,27,0,0
BRDA:123,27,1,0
BRDA:128,28,0,0
BRDA:128,28,1,0
BRDA:135,29,0,0
BRDA:135,29,1,0
BRF:60
BRH:0
end_of_record
TN:
SF:src/pages/invoices/InvoiceView.jsx
FN:10,(anonymous_0)
FN:23,(anonymous_1)
FN:28,(anonymous_2)
FN:49,(anonymous_3)
FN:53,(anonymous_4)
FN:73,(anonymous_5)
FNF:6
FNH:0
FNDA:0,(anonymous_0)
FNDA:0,(anonymous_1)
FNDA:0,(anonymous_2)
FNDA:0,(anonymous_3)
FNDA:0,(anonymous_4)
FNDA:0,(anonymous_5)
DA:10,0
DA:11,0
DA:12,0
DA:14,0
DA:18,0
DA:21,0
DA:22,0
DA:23,0
DA:24,0
DA:26,0
DA:28,0
DA:29,0
DA:30,0
DA:32,0
DA:33,0
DA:34,0
DA:35,0
DA:37,0
DA:41,0
DA:43,0
DA:47,0
DA:49,0
DA:53,0
DA:54,0
DA:55,0
DA:56,0
DA:73,0
DA:74,0
DA:75,0
DA:97,0
DA:99,0
DA:105,0
LF:32
LH:0
BRDA:14,0,0,0
BRDA:14,0,1,0
BRDA:16,1,0,0
BRDA:16,1,1,0
BRDA:24,2,0,0
BRDA:24,2,1,0
BRDA:32,3,0,0
BRDA:32,3,1,0
BRDA:41,4,0,0
BRDA:41,4,1,0
BRDA:54,5,0,0
BRDA:54,5,1,0
BRDA:55,6,0,0
BRDA:55,6,1,0
BRDA:57,7,0,0
BRDA:57,7,1,0
BRDA:58,8,0,0
BRDA:58,8,1,0
BRDA:59,9,0,0
BRDA:59,9,1,0
BRDA:60,10,0,0
BRDA:60,10,1,0
BRDA:61,11,0,0
BRDA:61,11,1,0
BRDA:62,12,0,0
BRDA:62,12,1,0
BRDA:63,13,0,0
BRDA:63,13,1,0
BRDA:64,14,0,0
BRDA:64,14,1,0
BRDA:65,15,0,0
BRDA:65,15,1,0
BRDA:66,16,0,0
BRDA:66,16,1,0
BRDA:67,17,0,0
BRDA:67,17,1,0
BRDA:67,18,0,0
BRDA:67,18,1,0
BRDA:68,19,0,0
BRDA:68,19,1,0
BRDA:68,20,0,0
BRDA:68,20,1,0
BRDA:74,21,0,0
BRDA:74,21,1,0
BRDA:90,22,0,0
BRDA:90,22,1,0
BRDA:91,23,0,0
BRDA:91,23,1,0
BRDA:92,24,0,0
BRDA:92,24,1,0
BRDA:97,25,0,0
BRDA:97,25,1,0
BRDA:97,26,0,0
BRDA:97,26,1,0
BRF:54
BRH:0
end_of_record
TN:
SF:src/pages/invoices/InvoicesList.jsx
FN:13,InvoicesList
FN:27,(anonymous_1)
FN:28,(anonymous_2)
FN:29,(anonymous_3)
FN:33,(anonymous_4)
FN:34,(anonymous_5)
FN:35,(anonymous_6)
FN:43,(anonymous_7)
FN:44,(anonymous_8)
FN:45,(anonymous_9)
FN:62,(anonymous_10)
FN:65,(anonymous_11)
FN:76,(anonymous_12)
FN:84,(anonymous_13)
FN:87,(anonymous_14)
FN:88,(anonymous_15)
FN:128,(anonymous_16)
FN:146,(anonymous_17)
FNF:18
FNH:0
FNDA:0,InvoicesList
FNDA:0,(anonymous_1)
FNDA:0,(anonymous_2)
FNDA:0,(anonymous_3)
FNDA:0,(anonymous_4)
FNDA:0,(anonymous_5)
FNDA:0,(anonymous_6)
FNDA:0,(anonymous_7)
FNDA:0,(anonymous_8)
FNDA:0,(anonymous_9)
FNDA:0,(anonymous_10)
FNDA:0,(anonymous_11)
FNDA:0,(anonymous_12)
FNDA:0,(anonymous_13)
FNDA:0,(anonymous_14)
FNDA:0,(anonymous_15)
FNDA:0,(anonymous_16)
FNDA:0,(anonymous_17)
DA:14,0
DA:15,0
DA:16,0
DA:18,0
DA:19,0
DA:21,0
DA:22,0
DA:27,0
DA:28,0
DA:29,0
DA:33,0
DA:34,0
DA:35,0
DA:36,0
DA:43,0
DA:44,0
DA:45,0
DA:52,0
DA:62,0
DA:63,0
DA:65,0
DA:66,0
DA:67,0
DA:68,0
DA:70,0
DA:74,0
DA:76,0
DA:77,0
DA:84,0
DA:85,0
DA:87,0
DA:88,0
DA:90,0
DA:91,0
DA:92,0
DA:93,0
DA:98,0
DA:99,0
DA:102,0
DA:110,0
DA:118,0
DA:128,0
DA:147,0
LF:43
LH:0
BRDA:16,0,0,0
BRDA:16,0,1,0
BRDA:29,1,0,0
BRDA:29,1,1,0
BRDA:36,2,0,0
BRDA:36,2,1,0
BRDA:45,3,0,0
BRDA:45,3,1,0
BRDA:68,4,0,0
BRDA:68,4,1,0
BRDA:85,5,0,0
BRDA:85,5,1,0
BRDA:90,6,0,0
BRDA:90,6,1,0
BRDA:90,7,0,0
BRDA:90,7,1,0
BRDA:92,8,0,0
BRDA:92,8,1,0
BRDA:92,9,0,0
BRDA:92,9,1,0
BRDA:98,10,0,0
BRDA:98,10,1,0
BRDA:99,11,0,0
BRDA:99,11,1,0
BRF:24
BRH:0
end_of_record
TN:
SF:src/pages/invoices/NewInvoice.jsx
FN:7,NewInvoice
FN:15,(anonymous_1)
FN:27,(anonymous_2)
FNF:3
FNH:0
FNDA:0,NewInvoice
FNDA:0,(anonymous_1)
FNDA:0,(anonymous_2)
DA:8,0
DA:9,0
DA:11,0
DA:12,0
DA:13,0
DA:15,0
DA:16,0
DA:17,0
DA:18,0
DA:20,0
DA:22,0
DA:24,0
DA:25,0
DA:27,0
DA:28,0
DA:29,0
DA:33,0
DA:34,0
DA:35,0
DA:38,0
DA:42,0
DA:48,0
LF:22
LH:0
BRDA:33,0,0,0
BRDA:33,0,1,0
BRDA:54,1,0,0
BRDA:54,1,1,0
BRDA:55,2,0,0
BRDA:55,2,1,0
BRF:6
BRH:0
end_of_record
TN:
SF:src/pages/sellers/NewSeller.jsx
FN:7,NewSeller
FN:15,(anonymous_1)
FN:24,(anonymous_2)
FNF:3
FNH:0
FNDA:0,NewSeller
FNDA:0,(anonymous_1)
FNDA:0,(anonymous_2)
DA:8,0
DA:9,0
DA:10,0
DA:11,0
DA:13,0
DA:15,0
DA:16,0
DA:17,0
DA:18,0
DA:19,0
DA:21,0
DA:22,0
DA:24,0
DA:25,0
DA:26,0
DA:29,0
DA:31,0
DA:35,0
DA:41,0
LF:19
LH:0
BRDA:29,0,0,0
BRDA:29,0,1,0
BRDA:47,1,0,0
BRDA:47,1,1,0
BRDA:52,2,0,0
BRDA:52,2,1,0
BRF:6
BRH:0
end_of_record
TN:
SF:src/pages/sellers/ProfilePage.jsx
FN:6,ProfilePage
FN:13,(anonymous_1)
FN:16,(anonymous_2)
FN:45,(anonymous_3)
FNF:4
FNH:0
FNDA:0,ProfilePage
FNDA:0,(anonymous_1)
FNDA:0,(anonymous_2)
FNDA:0,(anonymous_3)
DA:7,0
DA:8,0
DA:9,0
DA:11,0
DA:13,0
DA:14,0
DA:16,0
DA:17,0
DA:18,0
DA:19,0
DA:20,0
DA:22,0
DA:23,0
DA:24,0
DA:25,0
DA:28,0
DA:29,0
DA:30,0
DA:33,0
DA:34,0
DA:36,0
DA:37,0
DA:38,0
DA:43,0
DA:45,0
DA:46,0
DA:47,0
DA:52,0
DA:54,0
DA:55,0
DA:56,0
DA:59,0
LF:32
LH:0
BRDA:22,0,0,0
BRDA:22,0,1,0
BRDA:22,1,0,0
BRDA:22,1,1,0
BRDA:24,2,0,0
BRDA:24,2,1,0
BRDA:28,3,0,0
BRDA:28,3,1,0
BRDA:34,4,0,0
BRDA:34,4,1,0
BRDA:34,5,0,0
BRDA:34,5,1,0
BRDA:36,6,0,0
BRDA:36,6,1,0
BRDA:54,7,0,0
BRDA:54,7,1,0
BRDA:55,8,0,0
BRDA:55,8,1,0
BRDA:56,9,0,0
BRDA:56,9,1,0
BRF:20
BRH:0
end_of_record
TN:
SF:src/pages/sellers/SellerDetail.jsx
FN:9,SellerDetail
FN:21,(anonymous_1)
FN:26,(anonymous_2)
FN:39,(anonymous_3)
FN:44,(anonymous_4)
FN:54,(anonymous_5)
FN:84,(anonymous_6)
FN:86,(anonymous_7)
FNF:8
FNH:0
FNDA:0,SellerDetail
FNDA:0,(anonymous_1)
FNDA:0,(anonymous_2)
FNDA:0,(anonymous_3)
FNDA:0,(anonymous_4)
FNDA:0,(anonymous_5)
FNDA:0,(anonymous_6)
FNDA:0,(anonymous_7)
DA:10,0
DA:11,0
DA:12,0
DA:14,0
DA:15,0
DA:16,0
DA:17,0
DA:19,0
DA:21,0
DA:22,0
DA:24,0
DA:26,0
DA:27,0
DA:28,0
DA:29,0
DA:30,0
DA:32,0
DA:33,0
DA:37,0
DA:39,0
DA:40,0
DA:44,0
DA:45,0
DA:47,0
DA:48,0
DA:49,0
DA:50,0
DA:51,0
DA:52,0
DA:53,0
DA:54,0
DA:56,0
DA:57,0
DA:61,0
DA:63,0
DA:69,0
DA:84,0
DA:86,0
LF:38
LH:0
BRDA:11,0,0,0
BRDA:11,0,1,0
BRDA:22,1,0,0
BRDA:22,1,1,0
BRDA:29,2,0,0
BRDA:29,2,1,0
BRDA:30,3,0,0
BRDA:30,3,1,0
BRDA:33,4,0,0
BRDA:33,4,1,0
BRDA:45,5,0,0
BRDA:45,5,1,0
BRDA:49,6,0,0
BRDA:49,6,1,0
BRDA:61,7,0,0
BRDA:61,7,1,0
BRDA:65,8,0,0
BRDA:65,8,1,0
BRDA:65,9,0,0
BRDA:65,9,1,0
BRDA:66,10,0,0
BRDA:66,10,1,0
BRDA:66,11,0,0
BRDA:66,11,1,0
BRDA:73,12,0,0
BRDA:73,12,1,0
BRDA:74,13,0,0
BRDA:74,13,1,0
BRDA:77,14,0,0
BRDA:77,14,1,0
BRDA:83,15,0,0
BRDA:83,15,1,0
BRF:32
BRH:0
end_of_record
TN:
SF:src/pages/sellers/SellerForm.jsx
FN:17,(anonymous_0)
FN:19,SellerForm
FN:34,(anonymous_2)
FN:38,(anonymous_3)
FN:80,(anonymous_4)
FN:81,(anonymous_5)
FN:98,(anonymous_6)
FN:107,(anonymous_7)
FN:139,sectionHasError
FN:149,(anonymous_9)
FNF:10
FNH:0
FNDA:0,(anonymous_0)
FNDA:0,SellerForm
FNDA:0,(anonymous_2)
FNDA:0,(anonymous_3)
FNDA:0,(anonymous_4)
FNDA:0,(anonymous_5)
FNDA:0,(anonymous_6)
FNDA:0,(anonymous_7)
FNDA:0,sectionHasError
FNDA:0,(anonymous_9)
DA:16,0
DA:17,0
DA:20,0
DA:32,0
DA:34,0
DA:35,0
DA:38,0
DA:39,0
DA:42,0
DA:43,0
DA:44,0
DA:47,0
DA:48,0
DA:49,0
DA:50,0
DA:54,0
DA:55,0
DA:56,0
DA:57,0
DA:58,0
DA:59,0
DA:60,0
DA:64,0
DA:69,0
DA:70,0
DA:72,0
DA:74,0
DA:75,0
DA:80,0
DA:81,0
DA:82,0
DA:83,0
DA:88,0
DA:96,0
DA:99,0
DA:100,0
DA:102,0
DA:107,0
DA:140,0
DA:148,0
DA:149,0
LF:41
LH:0
BRDA:19,0,0,0
BRDA:19,1,0,0
BRDA:42,2,0,0
BRDA:42,2,1,0
BRDA:47,3,0,0
BRDA:47,3,1,0
BRDA:55,4,0,0
BRDA:55,4,1,0
BRDA:66,5,0,0
BRDA:66,5,1,0
BRDA:66,6,0,0
BRDA:66,6,1,0
BRDA:82,7,0,0
BRDA:82,7,1,0
BRDA:82,8,0,0
BRDA:82,8,1,0
BRDA:109,9,0,0
BRDA:109,9,1,0
BRDA:109,10,0,0
BRDA:109,10,1,0
BRDA:112,11,0,0
BRDA:112,11,1,0
BRDA:120,12,0,0
BRDA:120,12,1,0
BRDA:127,13,0,0
BRDA:127,13,1,0
BRDA:149,14,0,0
BRDA:149,14,1,0
BRDA:149,14,2,0
BRF:29
BRH:0
end_of_record
TN:
SF:src/pages/sellers/SellersList.jsx
FN:9,SellersList
FN:14,(anonymous_1)
FN:16,(anonymous_2)
FN:38,(anonymous_3)
FN:55,(anonymous_4)
FNF:5
FNH:0
FNDA:0,SellersList
FNDA:0,(anonymous_1)
FNDA:0,(anonymous_2)
FNDA:0,(anonymous_3)
FNDA:0,(anonymous_4)
DA:10,0
DA:11,0
DA:12,0
DA:14,0
DA:15,0
DA:16,0
DA:20,0
DA:25,0
DA:38,0
DA:56,0
LF:10
LH:0
BRDA:16,0,0,0
BRDA:16,0,1,0
BRDA:31,1,0,0
BRDA:31,1,1,0
BRF:4
BRH:0
end_of_record
TN:
SF:src/pages/sellers/SellersPage.jsx
FN:7,SellersPage
FN:11,(anonymous_1)
FN:12,loadSellers
FN:24,(anonymous_3)
FN:27,(anonymous_4)
FNF:5
FNH:0
FNDA:0,SellersPage
FNDA:0,(anonymous_1)
FNDA:0,loadSellers
FNDA:0,(anonymous_3)
FNDA:0,(anonymous_4)
DA:8,0
DA:9,0
DA:11,0
DA:13,0
DA:14,0
DA:15,0
DA:17,0
DA:18,0
DA:21,0
DA:24,0
DA:25,0
DA:26,0
DA:27,0
DA:29,0
DA:30,0
DA:34,0
LF:16
LH:0
BRDA:36,0,0,0
BRDA:36,0,1,0
BRF:2
BRH:0
end_of_record
TN:
SF:src/pages/sellers/fields/AddressFields.jsx
FN:4,AddressFields
FN:5,(anonymous_1)
FN:5,(anonymous_2)
FN:52,(anonymous_3)
FNF:4
FNH:0
FNDA:0,AddressFields
FNDA:0,(anonymous_1)
FNDA:0,(anonymous_2)
FNDA:0,(anonymous_3)
DA:5,0
DA:7,0
DA:52,0
LF:3
LH:0
BRF:0
BRH:0
end_of_record
TN:
SF:src/pages/sellers/fields/ContactFields.jsx
FN:5,ContactFields
FN:6,(anonymous_1)
FN:6,(anonymous_2)
FN:16,(anonymous_3)
FN:28,(anonymous_4)
FNF:5
FNH:0
FNDA:0,ContactFields
FNDA:0,(anonymous_1)
FNDA:0,(anonymous_2)
FNDA:0,(anonymous_3)
FNDA:0,(anonymous_4)
DA:6,0
DA:8,0
DA:16,0
DA:28,0
LF:4
LH:0
BRF:0
BRH:0
end_of_record
TN:
SF:src/pages/sellers/fields/FinanceFields.jsx
FN:6,FinanceFields
FN:7,(anonymous_1)
FN:7,(anonymous_2)
FNF:3
FNH:0
FNDA:0,FinanceFields
FNDA:0,(anonymous_1)
FNDA:0,(anonymous_2)
DA:7,0
DA:9,0
LF:2
LH:0
BRDA:57,0,0,0
BRDA:57,0,1,0
BRDA:71,1,0,0
BRDA:71,1,1,0
BRF:4
BRH:0
end_of_record
TN:
SF:src/pages/sellers/fields/LegalFields.jsx
FN:5,LegalFields
FN:6,(anonymous_1)
FN:6,(anonymous_2)
FNF:3
FNH:0
FNDA:0,LegalFields
FNDA:0,(anonymous_1)
FNDA:0,(anonymous_2)
DA:6,0
DA:8,0
LF:2
LH:0
BRF:0
BRH:0
end_of_record
TN:
SF:src/pages/sellers/fields/MentionsFields.jsx
FN:4,MentionsFields
FN:5,(anonymous_1)
FN:5,(anonymous_2)
FNF:3
FNH:0
FNDA:0,MentionsFields
FNDA:0,(anonymous_1)
FNDA:0,(anonymous_2)
DA:5,0
DA:7,0
LF:2
LH:0
BRF:0
BRH:0
end_of_record
TN:
SF:src/services/clients.js
FN:6,useClientService
FN:9,(anonymous_1)
FN:10,(anonymous_2)
FN:29,(anonymous_3)
FN:30,(anonymous_4)
FN:31,(anonymous_5)
FN:37,(anonymous_6)
FN:43,(anonymous_7)
FN:44,(anonymous_8)
FNF:9
FNH:0
FNDA:0,useClientService
FNDA:0,(anonymous_1)
FNDA:0,(anonymous_2)
FNDA:0,(anonymous_3)
FNDA:0,(anonymous_4)
FNDA:0,(anonymous_5)
FNDA:0,(anonymous_6)
FNDA:0,(anonymous_7)
FNDA:0,(anonymous_8)
DA:4,0
DA:7,0
DA:9,0
DA:10,0
DA:11,0
DA:12,0
DA:20,0
DA:21,0
DA:22,0
DA:25,0
DA:28,0
DA:29,0
DA:30,0
DA:32,0
DA:38,0
DA:43,0
DA:45,0
DA:46,0
DA:47,0
LF:19
LH:0
BRDA:4,0,0,0
BRDA:4,0,1,0
BRDA:10,1,0,0
BRDA:20,2,0,0
BRDA:20,2,1,0
BRDA:25,3,0,0
BRDA:25,3,1,0
BRDA:44,4,0,0
BRDA:46,5,0,0
BRDA:46,5,1,0
BRF:10
BRH:0
end_of_record
TN:
SF:src/services/invoices.js
FN:6,useInvoiceService
FN:10,(anonymous_1)
FN:21,(anonymous_2)
FN:30,(anonymous_3)
FN:31,(anonymous_4)
FN:33,(anonymous_5)
FN:37,(anonymous_6)
FN:41,(anonymous_7)
FN:45,(anonymous_8)
FN:53,(anonymous_9)
FN:61,(anonymous_10)
FN:65,(anonymous_11)
FN:66,(anonymous_12)
FN:69,(anonymous_13)
FN:90,(anonymous_14)
FN:99,(anonymous_15)
FN:105,(anonymous_16)
FN:106,(anonymous_17)
FN:110,(anonymous_18)
FN:147,(anonymous_19)
FN:156,(anonymous_20)
FNF:21
FNH:0
FNDA:0,useInvoiceService
FNDA:0,(anonymous_1)
FNDA:0,(anonymous_2)
FNDA:0,(anonymous_3)
FNDA:0,(anonymous_4)
FNDA:0,(anonymous_5)
FNDA:0,(anonymous_6)
FNDA:0,(anonymous_7)
FNDA:0,(anonymous_8)
FNDA:0,(anonymous_9)
FNDA:0,(anonymous_10)
FNDA:0,(anonymous_11)
FNDA:0,(anonymous_12)
FNDA:0,(anonymous_13)
FNDA:0,(anonymous_14)
FNDA:0,(anonymous_15)
FNDA:0,(anonymous_16)
FNDA:0,(anonymous_17)
FNDA:0,(anonymous_18)
FNDA:0,(anonymous_19)
FNDA:0,(anonymous_20)
DA:4,0
DA:7,0
DA:9,0
DA:11,0
DA:12,0
DA:20,0
DA:21,0
DA:22,0
DA:25,0
DA:30,0
DA:31,0
DA:32,0
DA:33,0
DA:36,0
DA:37,0
DA:40,0
DA:41,0
DA:44,0
DA:46,0
DA:52,0
DA:54,0
DA:61,0
DA:64,0
DA:66,0
DA:67,0
DA:69,0
DA:70,0
DA:71,0
DA:72,0
DA:73,0
DA:74,0
DA:75,0
DA:77,0
DA:80,0
DA:84,0
DA:89,0
DA:91,0
DA:98,0
DA:99,0
DA:104,0
DA:106,0
DA:107,0
DA:108,0
DA:110,0
DA:111,0
DA:112,0
DA:113,0
DA:116,0
DA:117,0
DA:118,0
DA:119,0
DA:122,0
DA:123,0
DA:129,0
DA:130,0
DA:131,0
DA:132,0
DA:134,0
DA:137,0
DA:141,0
DA:146,0
DA:148,0
DA:155,0
DA:157,0
DA:161,0
LF:65
LH:0
BRDA:4,0,0,0
BRDA:4,0,1,0
BRDA:10,1,0,0
BRDA:20,2,0,0
BRDA:20,2,1,0
BRDA:22,3,0,0
BRDA:22,3,1,0
BRDA:22,3,2,0
BRDA:25,4,0,0
BRDA:25,4,1,0
BRDA:65,5,0,0
BRDA:65,6,0,0
BRDA:72,7,0,0
BRDA:72,7,1,0
BRDA:74,8,0,0
BRDA:74,8,1,0
BRDA:105,9,0,0
BRDA:105,10,0,0
BRDA:113,11,0,0
BRDA:113,11,1,0
BRDA:116,12,0,0
BRDA:116,12,1,0
BRDA:129,13,0,0
BRDA:129,13,1,0
BRDA:131,14,0,0
BRDA:131,14,1,0
BRF:26
BRH:0
end_of_record
TN:
SF:src/services/sellers.js
FN:6,useSellerService
FN:9,(anonymous_1)
FN:10,(anonymous_2)
FN:33,(anonymous_3)
FN:34,(anonymous_4)
FN:40,(anonymous_5)
FN:46,(anonymous_6)
FN:47,(anonymous_7)
FNF:8
FNH:0
FNDA:0,useSellerService
FNDA:0,(anonymous_1)
FNDA:0,(anonymous_2)
FNDA:0,(anonymous_3)
FNDA:0,(anonymous_4)
FNDA:0,(anonymous_5)
FNDA:0,(anonymous_6)
FNDA:0,(anonymous_7)
DA:4,0
DA:7,0
DA:9,0
DA:10,0
DA:11,0
DA:12,0
DA:19,0
DA:21,0
DA:22,0
DA:25,0
DA:26,0
DA:28,0
DA:32,0
DA:33,0
DA:35,0
DA:41,0
DA:46,0
DA:48,0
LF:18
LH:0
BRDA:4,0,0,0
BRDA:4,0,1,0
BRDA:10,1,0,0
BRDA:21,2,0,0
BRDA:21,2,1,0
BRDA:48,3,0,0
BRDA:48,3,1,0
BRF:7
BRH:0
end_of_record
TN:
SF:src/utils/businessRules/invoiceStatus.js
FN:2,canSendInvoice
FNF:1
FNH:0
FNDA:0,canSendInvoice
DA:3,0
DA:4,0
LF:2
LH:0
BRDA:3,0,0,0
BRDA:3,0,1,0
BRDA:5,1,0,0
BRDA:5,1,1,0
BRDA:5,1,2,0
BRF:5
BRH:0
end_of_record
TN:
SF:src/utils/formatters/formatters.js
FN:8,(anonymous_0)
FN:22,(anonymous_1)
FNF:2
FNH:0
FNDA:0,(anonymous_0)
FNDA:0,(anonymous_1)
DA:8,0
DA:9,0
DA:10,0
DA:11,0
DA:22,0
DA:23,0
DA:24,0
DA:25,0
LF:8
LH:0
BRDA:10,0,0,0
BRDA:10,0,1,0
BRDA:23,1,0,0
BRDA:23,1,1,0
BRF:4
BRH:0
end_of_record
TN:
SF:src/utils/validators/client.js
FN:5,validateClient
FNF:1
FNH:1
FNDA:11,validateClient
DA:6,11
DA:8,11
DA:13,11
DA:14,8
DA:15,1
DA:18,8
DA:19,6
DA:20,6
DA:21,1
DA:22,5
DA:23,1
DA:24,4
DA:25,1
DA:27,2
DA:28,1
DA:32,3
DA:33,2
DA:35,3
DA:36,2
DA:39,3
DA:40,1
DA:47,11
DA:52,11
DA:53,1
DA:56,11
LF:25
LH:25
BRDA:8,0,0,11
BRDA:8,0,1,0
BRDA:13,1,0,8
BRDA:13,1,1,3
BRDA:14,2,0,1
BRDA:14,2,1,7
BRDA:18,3,0,6
BRDA:18,3,1,2
BRDA:19,4,0,6
BRDA:19,4,1,1
BRDA:20,5,0,1
BRDA:20,5,1,5
BRDA:22,6,0,1
BRDA:22,6,1,4
BRDA:24,7,0,1
BRDA:24,7,1,3
BRDA:27,8,0,1
BRDA:27,8,1,1
BRDA:32,9,0,2
BRDA:32,9,1,1
BRDA:35,10,0,2
BRDA:35,10,1,1
BRDA:39,11,0,1
BRDA:39,11,1,2
BRDA:52,12,0,1
BRDA:52,12,1,10
BRDA:52,13,0,11
BRDA:52,13,1,7
BRF:28
BRH:27
end_of_record
TN:
SF:src/utils/validators/contact.js
FN:4,validateContact
FNF:1
FNH:1
FNDA:8,validateContact
DA:5,8
DA:10,8
DA:12,8
DA:13,8
DA:16,8
DA:20,8
DA:23,8
DA:24,2
DA:27,8
LF:9
LH:9
BRDA:4,0,0,4
BRDA:7,1,0,7
BRDA:8,2,0,5
BRDA:9,3,0,7
BRDA:16,4,0,2
BRDA:16,4,1,6
BRDA:20,5,0,3
BRDA:20,5,1,5
BRDA:23,6,0,2
BRDA:23,6,1,6
BRDA:23,7,0,8
BRDA:23,7,1,4
BRF:12
BRH:12
end_of_record
TN:
SF:src/utils/validators/email.js
FN:8,validateEmail
FN:24,validateOptionalEmail
FNF:2
FNH:2
FNDA:14,validateEmail
FNDA:7,validateOptionalEmail
DA:9,14
DA:12,10
DA:14,10
DA:16,3
DA:25,7
DA:26,3
LF:6
LH:6
BRDA:9,0,0,4
BRDA:9,0,1,10
BRDA:9,1,0,14
BRDA:9,1,1,11
BRDA:14,2,0,7
BRDA:14,2,1,3
BRDA:25,3,0,4
BRDA:25,3,1,3
BRDA:25,4,0,7
BRDA:25,4,1,4
BRF:10
BRH:10
end_of_record
TN:
SF:src/utils/validators/invoice.js
FN:1,validateInvoiceField
FN:35,validateInvoiceLine
FN:65,validateClientData
FNF:3
FNH:3
FNDA:8,validateInvoiceField
FNDA:4,validateInvoiceLine
FNDA:13,validateClientData
DA:2,8
DA:5,8
DA:7,1
DA:8,1
DA:10,1
DA:11,1
DA:13,3
DA:14,2
DA:16,3
DA:18,1
DA:19,1
DA:21,1
DA:22,1
DA:24,1
DA:27,8
DA:36,4
DA:38,4
DA:39,1
DA:42,4
DA:43,1
DA:44,3
DA:45,1
DA:48,4
DA:49,1
DA:50,3
DA:51,1
DA:54,4
DA:55,1
DA:58,4
DA:59,1
DA:62,4
DA:66,13
DA:68,1
DA:69,1
DA:70,0
DA:72,1
DA:73,1
DA:74,0
DA:76,4
DA:80,3
DA:81,1
DA:83,2
DA:84,1
DA:85,1
DA:87,1
DA:88,1
DA:89,0
DA:91,3
DA:92,2
DA:93,1
DA:95,1
DA:97,3
LF:52
LH:49
BRDA:1,0,0,5
BRDA:2,1,0,3
BRDA:2,1,1,5
BRDA:5,2,0,1
BRDA:5,2,1,1
BRDA:5,2,2,3
BRDA:5,2,3,1
BRDA:5,2,4,1
BRDA:5,2,5,1
BRDA:7,3,0,1
BRDA:7,3,1,0
BRDA:10,4,0,1
BRDA:10,4,1,0
BRDA:13,5,0,2
BRDA:13,5,1,1
BRDA:13,6,0,3
BRDA:13,6,1,2
BRDA:18,7,0,1
BRDA:18,7,1,0
BRDA:21,8,0,1
BRDA:21,8,1,0
BRDA:35,9,0,0
BRDA:38,10,0,1
BRDA:38,10,1,3
BRDA:38,11,0,4
BRDA:38,11,1,3
BRDA:42,12,0,1
BRDA:42,12,1,3
BRDA:42,13,0,4
BRDA:42,13,1,3
BRDA:42,13,2,3
BRDA:44,14,0,1
BRDA:44,14,1,2
BRDA:44,15,0,3
BRDA:44,15,1,3
BRDA:48,16,0,1
BRDA:48,16,1,3
BRDA:48,17,0,4
BRDA:48,17,1,3
BRDA:48,17,2,3
BRDA:50,18,0,1
BRDA:50,18,1,2
BRDA:50,19,0,3
BRDA:50,19,1,3
BRDA:54,20,0,1
BRDA:54,20,1,3
BRDA:54,21,0,4
BRDA:54,21,1,2
BRDA:54,21,2,2
BRDA:58,22,0,1
BRDA:58,22,1,3
BRDA:58,23,0,4
BRDA:58,23,1,2
BRDA:58,23,2,2
BRDA:66,24,0,1
BRDA:66,24,1,1
BRDA:66,24,2,4
BRDA:66,24,3,2
BRDA:66,24,4,1
BRDA:66,24,5,3
BRDA:66,24,6,1
BRDA:68,25,0,1
BRDA:68,25,1,0
BRDA:68,26,0,1
BRDA:68,26,1,1
BRDA:72,27,0,1
BRDA:72,27,1,0
BRDA:72,28,0,1
BRDA:72,28,1,1
BRDA:76,29,0,3
BRDA:76,29,1,1
BRDA:77,30,0,4
BRDA:77,30,1,4
BRDA:83,31,0,1
BRDA:83,31,1,1
BRDA:83,32,0,2
BRDA:83,32,1,2
BRDA:87,33,0,1
BRDA:87,33,1,0
BRDA:87,34,0,1
BRDA:87,34,1,1
BRDA:91,35,0,2
BRDA:91,35,1,1
BRDA:91,36,0,3
BRDA:91,36,1,3
BRF:85
BRH:77
end_of_record
TN:
SF:src/utils/validators/issueDate.js
FN:8,validateIssueDate
FNF:1
FNH:1
FNDA:10,validateIssueDate
DA:9,10
DA:11,7
DA:12,7
DA:14,4
DA:15,4
DA:16,4
DA:18,4
DA:19,2
DA:22,2
LF:9
LH:9
BRDA:9,0,0,3
BRDA:9,0,1,7
BRDA:12,1,0,3
BRDA:12,1,1,4
BRDA:18,2,0,2
BRDA:18,2,1,2
BRDA:18,3,0,4
BRDA:18,3,1,3
BRF:8
BRH:8
end_of_record
TN:
SF:src/utils/validators/phone_number.js
FN:7,validatePhoneNumber
FNF:1
FNH:1
FNDA:12,validatePhoneNumber
DA:8,12
DA:10,9
DA:11,9
DA:13,5
LF:4
LH:4
BRDA:8,0,0,3
BRDA:8,0,1,9
BRDA:11,1,0,4
BRDA:11,1,1,5
BRF:4
BRH:4
end_of_record
TN:
SF:src/utils/validators/postal_code.js
FN:1,isValidPostalCode
FNF:1
FNH:1
FNDA:16,isValidPostalCode
DA:2,16
DA:4,10
LF:2
LH:2
BRDA:2,0,0,6
BRDA:2,0,1,10
BRF:2
BRH:2
end_of_record
TN:
SF:src/utils/validators/seller.js
FN:12,validateSeller
FNF:1
FNH:1
FNDA:12,validateSeller
DA:13,12
DA:18,12
DA:19,1
DA:22,12
DA:23,2
DA:27,12
DA:28,7
DA:29,7
DA:30,1
DA:31,6
DA:32,1
DA:33,5
DA:34,1
DA:36,5
DA:37,4
DA:43,12
DA:44,5
DA:47,12
DA:48,5
DA:49,7
DA:50,4
DA:53,12
DA:54,5
DA:60,12
DA:61,1
DA:64,12
DA:65,1
DA:71,12
DA:74,12
DA:75,1
DA:78,12
LF:31
LH:31
BRDA:18,0,0,1
BRDA:18,0,1,11
BRDA:22,1,0,2
BRDA:22,1,1,10
BRDA:27,2,0,7
BRDA:27,2,1,5
BRDA:28,3,0,7
BRDA:28,3,1,1
BRDA:29,4,0,1
BRDA:29,4,1,6
BRDA:31,5,0,1
BRDA:31,5,1,5
BRDA:33,6,0,1
BRDA:33,6,1,4
BRDA:36,7,0,4
BRDA:36,7,1,1
BRDA:43,8,0,5
BRDA:43,8,1,7
BRDA:47,9,0,5
BRDA:47,9,1,7
BRDA:49,10,0,4
BRDA:49,10,1,3
BRDA:53,11,0,5
BRDA:53,11,1,7
BRDA:60,12,0,1
BRDA:60,12,1,11
BRDA:60,13,0,12
BRDA:60,13,1,2
BRDA:64,14,0,1
BRDA:64,14,1,11
BRDA:64,15,0,12
BRDA:64,15,1,2
BRDA:74,16,0,1
BRDA:74,16,1,11
BRDA:74,17,0,12
BRDA:74,17,1,2
BRF:36
BRH:36
end_of_record
TN:
SF:src/utils/validators/siret.js
FN:2,isValidSiret
FNF:1
FNH:1
FNDA:4,isValidSiret
DA:3,4
DA:6,2
DA:7,2
DA:8,28
DA:9,28
DA:10,14
DA:11,14
DA:13,28
DA:15,2
LF:9
LH:9
BRDA:3,0,0,2
BRDA:3,0,1,2
BRDA:9,1,0,14
BRDA:9,1,1,14
BRDA:11,2,0,4
BRDA:11,2,1,10
BRF:6
BRH:6
end_of_record
