{"/home/francois/dev/eInvoicing/backend/src/modules/invoices/invoiceMail.service.js": {"path":"/home/francois/dev/eInvoicing/backend/src/modules/invoices/invoiceMail.service.js","statementMap":{"0":{"start":{"line":2,"column":11},"end":{"line":2,"column":24}},"1":{"start":{"line":3,"column":13},"end":{"line":3,"column":28}},"2":{"start":{"line":4,"column":19},"end":{"line":4,"column":36}},"3":{"start":{"line":5,"column":27},"end":{"line":5,"column":56}},"4":{"start":{"line":6,"column":26},"end":{"line":6,"column":61}},"5":{"start":{"line":8,"column":15},"end":{"line":8,"column":53}},"6":{"start":{"line":18,"column":2},"end":{"line":18,"column":69}},"7":{"start":{"line":21,"column":18},"end":{"line":21,"column":49}},"8":{"start":{"line":22,"column":2},"end":{"line":22,"column":55}},"9":{"start":{"line":22,"column":16},"end":{"line":22,"column":55}},"10":{"start":{"line":23,"column":22},"end":{"line":23,"column":49}},"11":{"start":{"line":24,"column":2},"end":{"line":24,"column":62}},"12":{"start":{"line":24,"column":20},"end":{"line":24,"column":62}},"13":{"start":{"line":27,"column":17},"end":{"line":27,"column":55}},"14":{"start":{"line":28,"column":2},"end":{"line":28,"column":54}},"15":{"start":{"line":28,"column":15},"end":{"line":28,"column":54}},"16":{"start":{"line":31,"column":22},"end":{"line":31,"column":84}},"17":{"start":{"line":32,"column":21},"end":{"line":32,"column":66}},"18":{"start":{"line":33,"column":24},"end":{"line":33,"column":68}},"19":{"start":{"line":36,"column":18},"end":{"line":36,"column":90}},"20":{"start":{"line":37,"column":2},"end":{"line":37,"column":70}},"21":{"start":{"line":37,"column":31},"end":{"line":37,"column":70}},"22":{"start":{"line":38,"column":20},"end":{"line":38,"column":44}},"23":{"start":{"line":41,"column":20},"end":{"line":41,"column":186}},"24":{"start":{"line":42,"column":20},"end":{"line":46,"column":46}},"25":{"start":{"line":49,"column":22},"end":{"line":56,"column":3}},"26":{"start":{"line":58,"column":2},"end":{"line":74,"column":3}},"27":{"start":{"line":59,"column":21},"end":{"line":66,"column":6}},"28":{"start":{"line":68,"column":4},"end":{"line":68,"column":67}},"29":{"start":{"line":69,"column":4},"end":{"line":69,"column":64}},"30":{"start":{"line":70,"column":4},"end":{"line":70,"column":20}},"31":{"start":{"line":72,"column":4},"end":{"line":72,"column":69}},"32":{"start":{"line":73,"column":4},"end":{"line":73,"column":14}},"33":{"start":{"line":77,"column":0},"end":{"line":77,"column":37}}},"fnMap":{"0":{"name":"sendInvoiceMail","decl":{"start":{"line":17,"column":15},"end":{"line":17,"column":30}},"loc":{"start":{"line":17,"column":64},"end":{"line":75,"column":1}},"line":17}},"branchMap":{"0":{"loc":{"start":{"line":22,"column":2},"end":{"line":22,"column":55}},"type":"if","locations":[{"start":{"line":22,"column":2},"end":{"line":22,"column":55}},{"start":{},"end":{}}],"line":22},"1":{"loc":{"start":{"line":23,"column":22},"end":{"line":23,"column":49}},"type":"binary-expr","locations":[{"start":{"line":23,"column":22},"end":{"line":23,"column":24}},{"start":{"line":23,"column":28},"end":{"line":23,"column":49}}],"line":23},"2":{"loc":{"start":{"line":24,"column":2},"end":{"line":24,"column":62}},"type":"if","locations":[{"start":{"line":24,"column":2},"end":{"line":24,"column":62}},{"start":{},"end":{}}],"line":24},"3":{"loc":{"start":{"line":28,"column":2},"end":{"line":28,"column":54}},"type":"if","locations":[{"start":{"line":28,"column":2},"end":{"line":28,"column":54}},{"start":{},"end":{}}],"line":28},"4":{"loc":{"start":{"line":31,"column":22},"end":{"line":31,"column":84}},"type":"binary-expr","locations":[{"start":{"line":31,"column":22},"end":{"line":31,"column":38}},{"start":{"line":31,"column":42},"end":{"line":31,"column":58}},{"start":{"line":31,"column":62},"end":{"line":31,"column":84}}],"line":31},"5":{"loc":{"start":{"line":32,"column":21},"end":{"line":32,"column":66}},"type":"binary-expr","locations":[{"start":{"line":32,"column":21},"end":{"line":32,"column":47}},{"start":{"line":32,"column":51},"end":{"line":32,"column":66}}],"line":32},"6":{"loc":{"start":{"line":33,"column":24},"end":{"line":33,"column":68}},"type":"binary-expr","locations":[{"start":{"line":33,"column":24},"end":{"line":33,"column":54}},{"start":{"line":33,"column":58},"end":{"line":33,"column":68}}],"line":33},"7":{"loc":{"start":{"line":37,"column":2},"end":{"line":37,"column":70}},"type":"if","locations":[{"start":{"line":37,"column":2},"end":{"line":37,"column":70}},{"start":{},"end":{}}],"line":37},"8":{"loc":{"start":{"line":41,"column":20},"end":{"line":41,"column":186}},"type":"binary-expr","locations":[{"start":{"line":41,"column":20},"end":{"line":41,"column":35}},{"start":{"line":41,"column":39},"end":{"line":41,"column":186}}],"line":41},"9":{"loc":{"start":{"line":41,"column":50},"end":{"line":41,"column":88}},"type":"binary-expr","locations":[{"start":{"line":41,"column":50},"end":{"line":41,"column":76}},{"start":{"line":41,"column":80},"end":{"line":41,"column":88}}],"line":41},"10":{"loc":{"start":{"line":42,"column":20},"end":{"line":46,"column":46}},"type":"cond-expr","locations":[{"start":{"line":43,"column":6},"end":{"line":43,"column":48}},{"start":{"line":44,"column":6},"end":{"line":46,"column":46}}],"line":42},"11":{"loc":{"start":{"line":44,"column":20},"end":{"line":44,"column":58}},"type":"binary-expr","locations":[{"start":{"line":44,"column":20},"end":{"line":44,"column":46}},{"start":{"line":44,"column":50},"end":{"line":44,"column":58}}],"line":44},"12":{"loc":{"start":{"line":62,"column":15},"end":{"line":62,"column":68}},"type":"binary-expr","locations":[{"start":{"line":62,"column":15},"end":{"line":62,"column":30}},{"start":{"line":62,"column":34},"end":{"line":62,"column":68}}],"line":62}},"s":{"0":1,"1":1,"2":1,"3":1,"4":1,"5":1,"6":4,"7":4,"8":4,"9":1,"10":3,"11":3,"12":1,"13":2,"14":2,"15":1,"16":1,"17":1,"18":1,"19":1,"20":1,"21":1,"22":0,"23":0,"24":0,"25":0,"26":0,"27":0,"28":0,"29":0,"30":0,"31":0,"32":0,"33":1},"f":{"0":4},"b":{"0":[1,3],"1":[3,3],"2":[1,2],"3":[1,1],"4":[1,0,0],"5":[1,0],"6":[1,0],"7":[1,0],"8":[0,0],"9":[0,0],"10":[0,0],"11":[0,0],"12":[0,0]},"_coverageSchema":"1a1c01bbd47fc00a2c39e90264f33305004495a9","hash":"cc79e3e74cb3ea2ca1b6c14b30515ae128b71b1e"}
}
