TN:
SF:src/config/db.js
FN:9,(anonymous_0)
FNF:1
FNH:0
FNDA:0,(anonymous_0)
DA:1,9
DA:2,9
DA:3,9
DA:9,9
DA:11,9
DA:19,9
LF:6
LH:6
BRF:0
BRH:0
end_of_record
TN:
SF:src/middlewares/attachSeller.js
FN:4,attachSeller
FNF:1
FNH:1
FNDA:4,attachSeller
DA:2,1
DA:5,4
DA:6,4
DA:7,3
DA:8,2
DA:10,3
DA:12,1
DA:16,1
LF:8
LH:8
BRDA:6,0,0,3
BRDA:6,0,1,1
BRDA:6,1,0,4
BRDA:6,1,1,3
BRDA:8,2,0,2
BRDA:8,2,1,1
BRF:6
BRH:6
end_of_record
TN:
SF:src/middlewares/auth.js
FN:20,withLogging
FN:37,(anonymous_1)
FNF:2
FNH:2
FNDA:4,withLogging
FNDA:4,(anonymous_1)
DA:2,2
DA:3,2
DA:6,2
DA:22,4
DA:23,4
DA:24,1
DA:26,3
DA:27,3
DA:28,3
DA:29,3
DA:31,1
DA:37,4
DA:38,4
DA:39,1
DA:41,1
DA:43,3
DA:47,2
LF:17
LH:17
BRDA:23,0,0,1
BRDA:23,0,1,3
BRDA:27,1,0,3
BRDA:27,1,1,0
BRDA:38,2,0,1
BRDA:38,2,1,3
BRDA:41,3,0,1
BRDA:41,3,1,0
BRF:8
BRH:6
end_of_record
TN:
SF:src/middlewares/errorHandler.js
FN:2,errorHandler
FNF:1
FNH:1
FNDA:4,errorHandler
DA:3,4
DA:6,4
DA:7,2
DA:8,1
DA:14,1
DA:20,2
DA:21,1
DA:27,1
DA:32,1
LF:9
LH:9
BRDA:6,0,0,2
BRDA:6,0,1,2
BRDA:7,1,0,1
BRDA:7,1,1,1
BRDA:20,2,0,1
BRDA:20,2,1,1
BRDA:20,3,0,2
BRDA:20,3,1,1
BRF:8
BRH:8
end_of_record
TN:
SF:src/middlewares/upload.js
FN:13,(anonymous_0)
FN:16,(anonymous_1)
FNF:2
FNH:2
FNDA:1,(anonymous_0)
FNDA:1,(anonymous_1)
DA:1,4
DA:2,4
DA:3,4
DA:5,4
DA:8,4
DA:9,3
DA:12,4
DA:14,1
DA:17,1
DA:18,1
DA:22,4
DA:24,4
LF:12
LH:12
BRDA:8,0,0,3
BRDA:8,0,1,1
BRF:2
BRH:2
end_of_record
TN:
SF:src/modules/clients/clients.controller.js
FN:5,getClients
FN:18,createClient
FN:41,getClientById
FN:60,deleteClient
FN:74,updateClient
FN:103,checkSiret
FNF:6
FNH:6
FNDA:2,getClients
FNDA:3,createClient
FNDA:3,getClientById
FNDA:3,deleteClient
FNDA:5,updateClient
FNDA:3,checkSiret
DA:1,1
DA:2,1
DA:6,2
DA:7,2
DA:9,1
DA:10,1
DA:12,0
DA:13,0
DA:19,3
DA:20,3
DA:22,3
DA:23,3
DA:24,1
DA:26,2
DA:28,2
DA:29,1
DA:32,1
DA:33,0
DA:36,1
DA:42,3
DA:43,3
DA:45,2
DA:46,2
DA:48,2
DA:49,1
DA:52,1
DA:54,0
DA:55,0
DA:61,3
DA:62,3
DA:64,2
DA:65,2
DA:66,1
DA:68,1
DA:69,1
DA:75,5
DA:76,5
DA:78,4
DA:79,4
DA:81,4
DA:82,1
DA:84,3
DA:86,3
DA:87,1
DA:90,2
DA:91,1
DA:94,1
DA:95,0
DA:98,1
DA:104,3
DA:105,3
DA:106,3
DA:108,3
DA:109,3
DA:111,3
DA:112,0
DA:113,0
DA:116,3
DA:117,2
DA:119,1
DA:120,1
DA:124,1
LF:62
LH:54
BRDA:7,0,0,1
BRDA:7,0,1,1
BRDA:20,1,0,0
BRDA:20,1,1,3
BRDA:28,2,0,1
BRDA:28,2,1,1
BRDA:32,3,0,0
BRDA:32,3,1,1
BRDA:32,4,0,1
BRDA:32,4,1,1
BRDA:43,5,0,1
BRDA:43,5,1,2
BRDA:48,6,0,1
BRDA:48,6,1,1
BRDA:62,7,0,1
BRDA:62,7,1,2
BRDA:76,8,0,1
BRDA:76,8,1,4
BRDA:86,9,0,1
BRDA:86,9,1,2
BRDA:90,10,0,1
BRDA:90,10,1,1
BRDA:94,11,0,0
BRDA:94,11,1,1
BRDA:94,12,0,1
BRDA:94,12,1,1
BRDA:106,13,0,0
BRDA:106,13,1,3
BRDA:111,14,0,0
BRDA:111,14,1,3
BRF:30
BRH:25
end_of_record
TN:
SF:src/modules/clients/clients.model.js
FN:3,validateClientData
FN:32,checkSiretUnique
FN:50,getAllClients
FN:62,getClientsBySeller
FN:76,getClientById
FN:85,insertClient
FN:138,removeClient
FN:148,updateClient
FNF:8
FNH:8
FNDA:8,validateClientData
FNDA:4,checkSiretUnique
FNDA:1,getAllClients
FNDA:1,getClientsBySeller
FNDA:1,getClientById
FNDA:6,insertClient
FNDA:2,removeClient
FNDA:2,updateClient
DA:1,3
DA:13,8
DA:15,8
DA:16,7
DA:17,6
DA:18,6
DA:19,6
DA:22,1
DA:23,1
DA:26,6
DA:27,6
DA:28,5
DA:33,4
DA:34,4
DA:35,4
DA:36,4
DA:38,4
DA:39,2
DA:40,2
DA:43,4
DA:44,4
DA:45,1
DA:51,1
DA:58,1
DA:63,1
DA:72,1
DA:77,1
DA:81,1
DA:86,6
DA:102,2
DA:104,2
DA:105,2
DA:108,1
DA:110,1
DA:134,1
DA:139,2
DA:143,2
DA:144,1
DA:149,2
DA:165,2
DA:167,2
DA:168,2
DA:171,2
DA:173,2
DA:210,2
DA:212,1
DA:215,3
LF:47
LH:47
BRDA:5,0,0,0
BRDA:10,1,0,1
BRDA:15,2,0,7
BRDA:15,2,1,1
BRDA:16,3,0,1
BRDA:16,3,1,6
BRDA:17,4,0,6
BRDA:17,4,1,0
BRDA:18,5,0,0
BRDA:18,5,1,6
BRDA:19,6,0,0
BRDA:19,6,1,6
BRDA:22,7,0,0
BRDA:22,7,1,1
BRDA:22,8,0,1
BRDA:22,8,1,1
BRDA:23,9,0,1
BRDA:23,9,1,0
BRDA:26,10,0,0
BRDA:26,10,1,6
BRDA:27,11,0,1
BRDA:27,11,1,5
BRDA:27,12,0,6
BRDA:27,12,1,1
BRDA:28,13,0,1
BRDA:28,13,1,4
BRDA:28,14,0,5
BRDA:28,14,1,1
BRDA:32,15,0,2
BRDA:33,16,0,0
BRDA:33,16,1,4
BRDA:38,17,0,2
BRDA:38,17,1,2
BRDA:44,18,0,1
BRDA:44,18,1,3
BRDA:89,19,0,0
BRDA:98,20,0,0
BRDA:104,21,0,2
BRDA:104,21,1,0
BRDA:104,22,0,2
BRDA:104,22,1,2
BRDA:108,23,0,1
BRDA:108,23,1,0
BRDA:108,24,0,1
BRDA:108,24,1,1
BRDA:143,25,0,1
BRDA:143,25,1,1
BRDA:152,26,0,0
BRDA:161,27,0,0
BRDA:167,28,0,2
BRDA:167,28,1,0
BRDA:167,29,0,2
BRDA:167,29,1,2
BRDA:171,30,0,2
BRDA:171,30,1,0
BRDA:171,31,0,2
BRDA:171,31,1,2
BRDA:210,32,0,1
BRDA:210,32,1,1
BRF:59
BRH:43
end_of_record
TN:
SF:src/modules/clients/clients.route.js
FNF:0
FNH:0
DA:1,1
DA:2,1
DA:3,1
DA:4,1
DA:5,1
DA:9,1
DA:12,1
DA:13,1
DA:15,1
DA:16,1
DA:17,1
DA:18,1
DA:19,1
DA:21,1
LF:14
LH:14
BRF:0
BRH:0
end_of_record
TN:
SF:src/modules/clients/clients.service.js
FN:3,getClientsBySeller
FN:7,createClient
FN:11,getClientById
FN:15,deleteClient
FN:19,updateClientData
FNF:5
FNH:5
FNDA:1,getClientsBySeller
FNDA:1,createClient
FNDA:1,getClientById
FNDA:1,deleteClient
FNDA:1,updateClientData
DA:1,2
DA:4,1
DA:8,1
DA:12,1
DA:16,1
DA:20,1
DA:23,2
LF:7
LH:7
BRF:0
BRH:0
end_of_record
TN:
SF:src/modules/invoices/invoiceArtifact.service.js
FN:13,_prepareClientForXML
FN:30,_saveFacturXXML
FN:44,generateInvoiceArtifacts
FNF:3
FNH:3
FNDA:3,_prepareClientForXML
FNDA:3,_saveFacturXXML
FNDA:3,generateInvoiceArtifacts
DA:1,1
DA:2,1
DA:3,1
DA:4,1
DA:5,1
DA:7,1
DA:14,3
DA:15,3
DA:32,3
DA:33,2
DA:34,2
DA:35,2
DA:36,2
DA:45,3
DA:46,3
DA:48,3
DA:49,3
DA:50,3
DA:59,3
DA:60,2
DA:62,2
DA:63,2
DA:65,1
DA:66,1
DA:67,1
DA:69,2
DA:74,3
DA:77,1
LF:28
LH:28
BRDA:14,0,0,0
BRDA:14,0,1,3
BRDA:16,1,0,3
BRDA:16,1,1,0
BRDA:16,2,0,0
BRDA:16,2,1,0
BRDA:17,3,0,3
BRDA:17,3,1,0
BRDA:18,4,0,3
BRDA:18,4,1,0
BRDA:19,5,0,3
BRDA:19,5,1,3
BRDA:20,6,0,3
BRDA:20,6,1,3
BRDA:21,7,0,3
BRDA:21,7,1,3
BRDA:22,8,0,3
BRDA:22,8,1,3
BRDA:63,9,0,1
BRDA:63,9,1,1
BRF:20
BRH:14
end_of_record
TN:
SF:src/modules/invoices/invoiceAttachments.model.js
FN:6,saveAttachment
FN:25,cleanupAttachments
FN:31,(anonymous_2)
FN:41,getAttachment
FN:51,getAttachmentsByType
FN:61,getAdditionalAttachments
FN:63,(anonymous_6)
FNF:7
FNH:7
FNDA:1,saveAttachment
FNDA:1,cleanupAttachments
FNDA:1,(anonymous_2)
FNDA:1,getAttachment
FNDA:1,getAttachmentsByType
FNDA:1,getAdditionalAttachments
FNDA:2,(anonymous_6)
DA:1,1
DA:2,1
DA:3,1
DA:4,1
DA:7,1
DA:8,1
DA:9,1
DA:12,1
DA:15,1
DA:22,1
DA:26,1
DA:27,1
DA:31,1
DA:33,1
DA:34,1
DA:35,2
DA:36,1
DA:42,1
DA:48,1
DA:52,1
DA:58,1
DA:62,1
DA:63,2
DA:69,1
LF:24
LH:24
BRDA:7,0,0,1
BRDA:7,0,1,0
BRDA:35,1,0,1
BRDA:35,1,1,1
BRDA:35,2,0,2
BRDA:35,2,1,2
BRDA:48,3,0,1
BRDA:48,3,1,0
BRF:8
BRH:6
end_of_record
TN:
SF:src/modules/invoices/invoiceClient.model.js
FN:8,(anonymous_0)
FN:33,(anonymous_1)
FN:43,(anonymous_2)
FN:72,(anonymous_3)
FNF:4
FNH:4
FNDA:1,(anonymous_0)
FNDA:1,(anonymous_1)
FNDA:1,(anonymous_2)
FNDA:1,(anonymous_3)
DA:1,2
DA:7,2
DA:9,1
DA:16,1
DA:29,1
DA:30,1
DA:34,1
DA:39,1
DA:40,1
DA:44,1
DA:57,1
DA:68,1
DA:69,1
DA:73,1
DA:77,1
DA:78,1
DA:82,2
LF:17
LH:17
BRDA:21,0,0,1
BRDA:21,0,1,0
BRDA:22,1,0,1
BRDA:22,1,1,0
BRDA:23,2,0,1
BRDA:23,2,1,0
BRDA:24,3,0,1
BRDA:24,3,1,0
BRDA:25,4,0,1
BRDA:25,4,1,0
BRDA:26,5,0,1
BRDA:26,5,1,0
BRDA:62,6,0,1
BRDA:62,6,1,0
BRDA:63,7,0,1
BRDA:63,7,1,0
BRDA:64,8,0,1
BRDA:64,8,1,0
BRDA:65,9,0,1
BRDA:65,9,1,0
BRF:20
BRH:10
end_of_record
TN:
SF:src/modules/invoices/invoiceClient.service.js
FN:5,(anonymous_0)
FN:9,(anonymous_1)
FN:13,(anonymous_2)
FN:17,(anonymous_3)
FNF:4
FNH:4
FNDA:1,(anonymous_0)
FNDA:1,(anonymous_1)
FNDA:1,(anonymous_2)
FNDA:1,(anonymous_3)
DA:2,1
DA:4,1
DA:6,1
DA:10,1
DA:14,1
DA:18,1
DA:23,1
LF:7
LH:7
BRF:0
BRH:0
end_of_record
TN:
SF:src/modules/invoices/invoices.route.js
FNF:0
FNH:0
DA:1,1
DA:2,1
DA:3,1
DA:4,1
DA:5,1
DA:6,1
DA:11,1
DA:12,1
DA:15,1
DA:18,1
DA:20,1
DA:21,1
DA:23,1
DA:30,1
DA:31,1
DA:34,1
DA:37,1
DA:40,1
DA:43,1
DA:45,1
DA:47,1
DA:53,1
DA:55,1
LF:23
LH:23
BRF:0
BRH:0
end_of_record
TN:
SF:src/modules/invoices/invoices.service.js
FN:6,listInvoices
FN:10,getInvoice
FN:15,createInvoice
FN:26,updateInvoice
FN:47,deleteInvoice
FN:51,getInvoicesBySeller
FN:55,getInvoiceById
FN:59,getInvoiceStatusComment
FNF:8
FNH:5
FNDA:1,listInvoices
FNDA:0,getInvoice
FNDA:1,createInvoice
FNDA:1,updateInvoice
FNDA:1,deleteInvoice
FNDA:0,getInvoicesBySeller
FNDA:0,getInvoiceById
FNDA:1,getInvoiceStatusComment
DA:2,1
DA:3,1
DA:4,1
DA:7,1
DA:11,0
DA:12,0
DA:16,1
DA:17,1
DA:18,1
DA:21,1
DA:23,1
DA:27,1
DA:29,1
DA:31,1
DA:39,1
DA:42,1
DA:44,1
DA:48,1
DA:52,0
DA:56,0
DA:60,1
DA:63,1
LF:22
LH:18
BRDA:12,0,0,0
BRDA:12,0,1,0
BRF:2
BRH:0
end_of_record
TN:
SF:src/modules/sellers/sellers.controller.js
FN:3,getSellers
FN:13,createSeller
FN:31,getSellerById
FN:45,deleteSeller
FN:56,updateSeller
FN:68,getMySeller
FN:85,checkIdentifier
FNF:7
FNH:7
FNDA:2,getSellers
FNDA:2,createSeller
FNDA:1,getSellerById
FNDA:2,deleteSeller
FNDA:2,updateSeller
FNDA:3,getMySeller
FNDA:1,checkIdentifier
DA:1,1
DA:4,2
DA:5,2
DA:6,1
DA:8,1
DA:9,1
DA:14,2
DA:16,2
DA:17,1
DA:20,1
DA:21,1
DA:23,1
DA:24,1
DA:26,0
DA:27,0
DA:32,1
DA:33,1
DA:34,1
DA:36,1
DA:38,0
DA:40,0
DA:41,0
DA:46,2
DA:47,2
DA:48,2
DA:49,1
DA:51,1
DA:52,1
DA:57,2
DA:58,2
DA:59,2
DA:60,2
DA:61,1
DA:63,1
DA:64,1
DA:69,3
DA:71,3
DA:73,2
DA:74,1
DA:75,1
DA:78,1
DA:80,1
DA:81,1
DA:86,1
DA:87,1
DA:88,1
DA:91,1
LF:47
LH:42
BRDA:16,0,0,1
BRDA:16,0,1,1
BRDA:36,1,0,1
BRDA:36,1,1,0
BRDA:73,2,0,1
BRDA:73,2,1,1
BRF:6
BRH:5
end_of_record
TN:
SF:src/modules/sellers/sellers.model.js
FN:3,getAllSellers
FN:14,insertSeller
FN:76,getSellerById
FN:81,removeSeller
FN:92,updateSeller
FNF:5
FNH:5
FNDA:1,getAllSellers
FNDA:1,insertSeller
FNDA:1,getSellerById
FNDA:1,removeSeller
FNDA:1,updateSeller
DA:1,3
DA:4,1
DA:11,1
DA:34,1
DA:36,1
DA:38,1
DA:72,1
DA:77,1
DA:78,1
DA:82,1
DA:86,1
DA:87,0
DA:89,1
DA:112,1
DA:114,1
DA:160,1
DA:161,0
DA:164,1
DA:167,3
LF:19
LH:17
BRDA:36,0,0,0
BRDA:36,0,1,1
BRDA:86,1,0,0
BRDA:86,1,1,1
BRDA:146,2,0,0
BRDA:146,2,1,1
BRDA:160,3,0,0
BRDA:160,3,1,1
BRF:8
BRH:4
end_of_record
TN:
SF:src/modules/sellers/sellers.route.js
FNF:0
FNH:0
DA:1,1
DA:2,1
DA:3,1
DA:4,1
DA:5,1
DA:8,1
DA:11,1
DA:12,1
DA:15,1
DA:18,1
DA:21,1
DA:23,1
LF:12
LH:12
BRF:0
BRH:0
end_of_record
TN:
SF:src/modules/sellers/sellers.service.js
FN:5,listSellers
FN:9,createSeller
FN:13,getSellerById
FN:17,deleteSeller
FN:21,updateSellerData
FN:25,getSellerByAuth0Id
FN:37,checkIdentifierExists
FN:45,getMySeller
FNF:8
FNH:8
FNDA:1,listSellers
FNDA:1,createSeller
FNDA:1,getSellerById
FNDA:1,deleteSeller
FNDA:1,updateSellerData
FNDA:4,getSellerByAuth0Id
FNDA:2,checkIdentifierExists
FNDA:2,getMySeller
DA:1,3
DA:3,3
DA:6,1
DA:10,1
DA:14,1
DA:18,1
DA:22,1
DA:26,4
DA:28,3
DA:34,3
DA:38,2
DA:42,2
DA:46,2
DA:47,1
DA:50,3
LF:15
LH:15
BRDA:26,0,0,1
BRDA:26,0,1,3
BRDA:34,1,0,3
BRDA:34,1,1,1
BRDA:40,2,0,2
BRDA:40,2,1,1
BRDA:46,3,0,1
BRDA:46,3,1,1
BRF:8
BRH:8
end_of_record
TN:
SF:src/utils/siret.js
FN:2,isValidSiret
FNF:1
FNH:1
FNDA:2,isValidSiret
DA:3,2
DA:6,2
DA:7,2
DA:8,28
DA:9,28
DA:10,14
DA:11,14
DA:13,28
DA:15,2
DA:18,1
LF:10
LH:10
BRDA:3,0,0,0
BRDA:3,0,1,2
BRDA:9,1,0,14
BRDA:9,1,1,14
BRDA:11,2,0,5
BRDA:11,2,1,9
BRF:6
BRH:5
end_of_record
