TN:
SF:src/config/db.js
FN:9,(anonymous_0)
FNF:1
FNH:0
FNDA:0,(anonymous_0)
DA:1,5
DA:2,5
DA:3,5
DA:9,5
DA:11,5
DA:13,5
DA:24,5
LF:7
LH:7
BRDA:19,0,0,0
BRDA:19,0,1,5
BRF:2
BRH:1
end_of_record
TN:
SF:src/middlewares/upload.js
FN:12,(anonymous_0)
FN:18,(anonymous_1)
FN:19,(anonymous_2)
FN:27,(anonymous_3)
FN:41,isPdfSafe
FN:48,(anonymous_5)
FN:52,moveFile
FNF:7
FNH:1
FNDA:2,(anonymous_0)
FNDA:0,(anonymous_1)
FNDA:0,(anonymous_2)
FNDA:0,(anonymous_3)
FNDA:0,isPdfSafe
FNDA:0,(anonymous_5)
FNDA:0,moveFile
DA:1,1
DA:2,1
DA:3,1
DA:4,1
DA:5,1
DA:8,1
DA:9,1
DA:12,1
DA:13,2
DA:17,1
DA:18,0
DA:20,0
DA:21,0
DA:22,0
DA:27,1
DA:28,0
DA:29,0
DA:31,0
DA:35,1
DA:38,1
DA:42,0
DA:43,0
DA:45,0
DA:47,0
DA:48,0
DA:53,0
DA:54,0
DA:55,0
DA:56,0
DA:59,1
LF:30
LH:14
BRDA:13,0,0,0
BRDA:13,0,1,2
BRDA:28,1,0,0
BRDA:28,1,1,0
BRF:4
BRH:1
end_of_record
TN:
SF:src/modules/invoices/invoiceArtifact.service.js
FN:10,_prepareClientForXML
FN:24,_saveFacturXXML
FN:39,generateInvoiceArtifacts
FN:66,(anonymous_3)
FNF:4
FNH:4
FNDA:3,_prepareClientForXML
FNDA:3,_saveFacturXXML
FNDA:3,generateInvoiceArtifacts
FNDA:1,(anonymous_3)
DA:1,2
DA:2,2
DA:3,2
DA:4,2
DA:5,2
DA:11,3
DA:12,3
DA:25,3
DA:26,3
DA:29,3
DA:31,2
DA:32,2
DA:40,3
DA:41,3
DA:43,3
DA:45,3
DA:46,3
DA:56,3
DA:59,2
DA:60,2
DA:61,1
DA:65,1
DA:66,1
DA:72,1
DA:80,2
DA:83,3
DA:86,2
LF:27
LH:27
BRDA:11,0,0,0
BRDA:11,0,1,3
BRDA:13,1,0,3
BRDA:13,1,1,0
BRDA:13,2,0,0
BRDA:13,2,1,0
BRDA:14,3,0,3
BRDA:14,3,1,0
BRDA:15,4,0,3
BRDA:15,4,1,0
BRDA:16,5,0,3
BRDA:16,5,1,3
BRDA:17,6,0,3
BRDA:17,6,1,3
BRDA:18,7,0,3
BRDA:18,7,1,3
BRDA:19,8,0,3
BRDA:19,8,1,3
BRDA:60,9,0,1
BRDA:60,9,1,1
BRF:20
BRH:14
end_of_record
TN:
SF:src/modules/invoices/invoiceAttachments.model.js
FN:14,saveAttachment
FN:48,cleanupAttachments
FN:56,(anonymous_2)
FN:70,getAttachment
FN:83,getAttachmentsByType
FN:90,(anonymous_5)
FN:99,getAdditionalAttachments
FNF:7
FNH:5
FNDA:1,saveAttachment
FNDA:0,cleanupAttachments
FNDA:0,(anonymous_2)
FNDA:1,getAttachment
FNDA:1,getAttachmentsByType
FNDA:2,(anonymous_5)
FNDA:1,getAdditionalAttachments
DA:1,2
DA:2,2
DA:3,2
DA:4,2
DA:5,2
DA:6,2
DA:16,1
DA:17,1
DA:18,0
DA:22,1
DA:25,1
DA:28,1
DA:31,1
DA:32,1
DA:35,1
DA:42,1
DA:49,0
DA:50,0
DA:52,0
DA:56,0
DA:58,0
DA:60,0
DA:61,0
DA:62,0
DA:71,1
DA:77,1
DA:84,1
DA:90,2
DA:100,1
DA:103,2
LF:30
LH:21
BRDA:6,0,0,2
BRDA:6,0,1,1
BRDA:17,1,0,0
BRDA:17,1,1,1
BRDA:18,2,0,0
BRDA:18,2,1,0
BRDA:61,3,0,0
BRDA:61,3,1,0
BRDA:61,4,0,0
BRDA:61,4,1,0
BRDA:77,5,0,1
BRDA:77,5,1,0
BRF:12
BRH:4
end_of_record
TN:
SF:src/modules/invoices/invoiceClient.model.js
FN:9,(anonymous_0)
FN:34,(anonymous_1)
FN:44,(anonymous_2)
FN:73,(anonymous_3)
FNF:4
FNH:4
FNDA:1,(anonymous_0)
FNDA:1,(anonymous_1)
FNDA:1,(anonymous_2)
FNDA:1,(anonymous_3)
DA:1,2
DA:2,2
DA:8,2
DA:10,1
DA:17,1
DA:30,1
DA:31,1
DA:35,1
DA:40,1
DA:41,1
DA:45,1
DA:58,1
DA:69,1
DA:70,1
DA:74,1
DA:78,1
DA:79,1
DA:83,2
LF:18
LH:18
BRDA:2,0,0,2
BRDA:2,0,1,0
BRDA:22,1,0,1
BRDA:22,1,1,0
BRDA:23,2,0,1
BRDA:23,2,1,0
BRDA:24,3,0,1
BRDA:24,3,1,0
BRDA:25,4,0,1
BRDA:25,4,1,0
BRDA:26,5,0,1
BRDA:26,5,1,0
BRDA:27,6,0,1
BRDA:27,6,1,0
BRDA:63,7,0,1
BRDA:63,7,1,0
BRDA:64,8,0,1
BRDA:64,8,1,0
BRDA:65,9,0,1
BRDA:65,9,1,0
BRDA:66,10,0,1
BRDA:66,10,1,0
BRF:22
BRH:11
end_of_record
TN:
SF:src/modules/invoices/invoiceClient.service.js
FN:5,(anonymous_0)
FN:9,(anonymous_1)
FN:13,(anonymous_2)
FN:17,(anonymous_3)
FNF:4
FNH:4
FNDA:1,(anonymous_0)
FNDA:1,(anonymous_1)
FNDA:1,(anonymous_2)
FNDA:1,(anonymous_3)
DA:2,1
DA:4,1
DA:6,1
DA:10,1
DA:14,1
DA:18,1
DA:23,1
LF:7
LH:7
BRF:0
BRH:0
end_of_record
TN:
SF:src/modules/invoices/invoiceMail.controller.js
FN:5,sendInvoiceMailController
FNF:1
FNH:1
FNDA:2,sendInvoiceMailController
DA:2,2
DA:3,2
DA:6,2
DA:7,2
DA:9,2
DA:10,2
DA:11,1
DA:13,1
DA:14,1
DA:18,2
LF:10
LH:10
BRF:0
BRH:0
end_of_record
TN:
SF:src/modules/invoices/invoiceMail.service.js
FN:17,sendInvoiceMail
FNF:1
FNH:1
FNDA:6,sendInvoiceMail
DA:2,2
DA:3,2
DA:4,2
DA:5,2
DA:6,2
DA:8,2
DA:18,6
DA:21,6
DA:22,6
DA:23,5
DA:24,5
DA:27,4
DA:28,4
DA:31,3
DA:32,3
DA:33,3
DA:36,3
DA:38,3
DA:39,3
DA:41,1
DA:45,2
DA:46,2
DA:53,2
DA:62,2
DA:63,2
DA:72,1
DA:73,1
DA:74,1
DA:76,1
DA:77,1
DA:81,2
LF:31
LH:31
BRDA:22,0,0,1
BRDA:22,0,1,5
BRDA:23,1,0,5
BRDA:23,1,1,3
BRDA:24,2,0,1
BRDA:24,2,1,4
BRDA:28,3,0,1
BRDA:28,3,1,3
BRDA:31,4,0,3
BRDA:31,4,1,0
BRDA:31,4,2,0
BRDA:32,5,0,3
BRDA:32,5,1,0
BRDA:33,6,0,3
BRDA:33,6,1,0
BRDA:45,7,0,2
BRDA:45,7,1,0
BRDA:45,8,0,0
BRDA:45,8,1,0
BRDA:46,9,0,2
BRDA:46,9,1,0
BRDA:48,10,0,0
BRDA:48,10,1,0
BRDA:66,11,0,2
BRDA:66,11,1,0
BRF:25
BRH:14
end_of_record
TN:
SF:src/modules/invoices/invoiceStatus.model.js
FN:9,updateTechnicalStatus
FN:28,updateBusinessStatus
FN:60,getInvoiceStatusHistory
FN:74,getInvoiceStatusComment
FNF:4
FNH:4
FNDA:1,updateTechnicalStatus
FNDA:2,updateBusinessStatus
FNDA:1,getInvoiceStatusHistory
FNDA:2,getInvoiceStatusComment
DA:1,2
DA:2,2
DA:10,1
DA:18,1
DA:19,1
DA:20,1
DA:30,2
DA:37,2
DA:38,2
DA:41,2
DA:46,2
DA:52,2
DA:54,2
DA:61,1
DA:67,1
DA:68,1
DA:75,2
DA:82,2
DA:83,2
DA:86,2
LF:20
LH:20
BRDA:2,0,0,2
BRDA:2,0,1,1
BRDA:50,1,0,2
BRDA:50,1,1,1
BRDA:54,2,0,2
BRDA:54,2,1,0
BRDA:83,3,0,2
BRDA:83,3,1,1
BRF:8
BRH:7
end_of_record
TN:
SF:src/modules/invoices/invoices.model.js
FN:12,getAllInvoices
FN:25,(anonymous_1)
FN:35,(anonymous_2)
FN:39,(anonymous_3)
FN:43,(anonymous_4)
FN:49,(anonymous_5)
FN:60,getInvoiceById
FN:86,createInvoice
FN:129,(anonymous_8)
FN:148,(anonymous_9)
FN:149,(anonymous_10)
FN:183,(anonymous_11)
FN:186,(anonymous_12)
FN:194,(anonymous_13)
FN:197,(anonymous_14)
FN:228,deleteInvoice
FN:242,updateInvoice
FN:267,(anonymous_17)
FN:268,(anonymous_18)
FN:269,(anonymous_19)
FN:358,(anonymous_20)
FN:374,(anonymous_21)
FN:403,(anonymous_22)
FN:427,(anonymous_23)
FN:455,getInvoicesBySeller
FN:482,(anonymous_25)
FNF:26
FNH:1
FNDA:0,getAllInvoices
FNDA:0,(anonymous_1)
FNDA:0,(anonymous_2)
FNDA:0,(anonymous_3)
FNDA:0,(anonymous_4)
FNDA:0,(anonymous_5)
FNDA:0,getInvoiceById
FNDA:0,createInvoice
FNDA:0,(anonymous_8)
FNDA:0,(anonymous_9)
FNDA:0,(anonymous_10)
FNDA:0,(anonymous_11)
FNDA:0,(anonymous_12)
FNDA:0,(anonymous_13)
FNDA:0,(anonymous_14)
FNDA:0,deleteInvoice
FNDA:1,updateInvoice
FNDA:0,(anonymous_17)
FNDA:0,(anonymous_18)
FNDA:0,(anonymous_19)
FNDA:0,(anonymous_20)
FNDA:0,(anonymous_21)
FNDA:0,(anonymous_22)
FNDA:0,(anonymous_23)
FNDA:0,getInvoicesBySeller
FNDA:0,(anonymous_25)
DA:1,2
DA:2,2
DA:3,2
DA:4,2
DA:5,2
DA:6,2
DA:7,2
DA:14,0
DA:20,0
DA:21,0
DA:24,0
DA:25,0
DA:28,0
DA:35,0
DA:36,0
DA:37,0
DA:39,0
DA:40,0
DA:41,0
DA:43,0
DA:44,0
DA:45,0
DA:49,0
DA:61,0
DA:62,0
DA:63,0
DA:65,0
DA:73,0
DA:87,0
DA:89,0
DA:90,0
DA:93,0
DA:94,0
DA:98,0
DA:102,0
DA:103,0
DA:106,0
DA:107,0
DA:108,0
DA:109,0
DA:110,0
DA:116,0
DA:122,0
DA:123,0
DA:129,0
DA:130,0
DA:131,0
DA:135,0
DA:148,0
DA:149,0
DA:151,0
DA:155,0
DA:158,0
DA:159,0
DA:182,0
DA:184,0
DA:185,0
DA:186,0
DA:187,0
DA:195,0
DA:196,0
DA:197,0
DA:198,0
DA:208,0
DA:209,0
DA:213,0
DA:215,0
DA:216,0
DA:218,0
DA:219,0
DA:221,0
DA:229,0
DA:235,0
DA:246,1
DA:247,1
DA:248,1
DA:250,0
DA:252,0
DA:253,0
DA:256,0
DA:267,0
DA:268,0
DA:269,0
DA:271,0
DA:272,0
DA:280,0
DA:281,0
DA:282,0
DA:288,0
DA:294,0
DA:296,0
DA:302,0
DA:304,0
DA:305,0
DA:330,0
DA:331,0
DA:352,0
DA:353,0
DA:354,0
DA:355,0
DA:356,0
DA:357,0
DA:358,0
DA:359,0
DA:368,0
DA:369,0
DA:370,0
DA:371,0
DA:372,0
DA:373,0
DA:374,0
DA:375,0
DA:386,0
DA:392,0
DA:393,0
DA:394,0
DA:395,0
DA:397,0
DA:399,0
DA:400,0
DA:403,0
DA:406,0
DA:407,0
DA:408,0
DA:413,0
DA:414,0
DA:415,0
DA:420,0
DA:421,0
DA:423,0
DA:427,0
DA:430,0
DA:432,0
DA:433,0
DA:434,0
DA:435,0
DA:437,0
DA:443,0
DA:444,0
DA:446,1
DA:447,1
DA:448,1
DA:450,1
DA:456,0
DA:482,0
DA:504,2
LF:146
LH:15
BRDA:6,0,0,2
BRDA:6,0,1,0
BRDA:20,1,0,0
BRDA:20,1,1,0
BRDA:36,2,0,0
BRDA:36,2,1,0
BRDA:40,3,0,0
BRDA:40,3,1,0
BRDA:44,4,0,0
BRDA:44,4,1,0
BRDA:51,5,0,0
BRDA:51,5,1,0
BRDA:52,6,0,0
BRDA:52,6,1,0
BRDA:53,7,0,0
BRDA:53,7,1,0
BRDA:62,8,0,0
BRDA:62,8,1,0
BRDA:70,9,0,0
BRDA:70,9,1,0
BRDA:78,10,0,0
BRDA:78,10,1,0
BRDA:86,11,0,0
BRDA:86,12,0,0
BRDA:86,13,0,0
BRDA:93,14,0,0
BRDA:93,14,1,0
BRDA:93,15,0,0
BRDA:93,15,1,0
BRDA:98,16,0,0
BRDA:98,16,1,0
BRDA:102,17,0,0
BRDA:102,17,1,0
BRDA:106,18,0,0
BRDA:106,18,1,0
BRDA:109,19,0,0
BRDA:109,19,1,0
BRDA:109,20,0,0
BRDA:109,20,1,0
BRDA:122,21,0,0
BRDA:122,21,1,0
BRDA:130,22,0,0
BRDA:130,22,1,0
BRDA:148,23,0,0
BRDA:148,23,1,0
BRDA:158,24,0,0
BRDA:158,24,1,0
BRDA:165,25,0,0
BRDA:165,25,1,0
BRDA:166,26,0,0
BRDA:166,26,1,0
BRDA:166,27,0,0
BRDA:166,27,1,0
BRDA:167,28,0,0
BRDA:167,28,1,0
BRDA:167,29,0,0
BRDA:167,29,1,0
BRDA:168,30,0,0
BRDA:168,30,1,0
BRDA:168,30,2,0
BRDA:170,31,0,0
BRDA:170,31,1,0
BRDA:170,32,0,0
BRDA:170,32,1,0
BRDA:171,33,0,0
BRDA:171,33,1,0
BRDA:172,34,0,0
BRDA:172,34,1,0
BRDA:173,35,0,0
BRDA:173,35,1,0
BRDA:174,36,0,0
BRDA:174,36,1,0
BRDA:175,37,0,0
BRDA:175,37,1,0
BRDA:176,38,0,0
BRDA:176,38,1,0
BRDA:235,39,0,0
BRDA:235,39,1,0
BRDA:250,40,0,0
BRDA:250,40,1,0
BRDA:252,41,0,0
BRDA:252,41,1,0
BRDA:271,42,0,0
BRDA:271,42,1,0
BRDA:280,43,0,0
BRDA:280,43,1,0
BRDA:281,44,0,0
BRDA:281,44,1,0
BRDA:294,45,0,0
BRDA:294,45,1,0
BRDA:295,46,0,0
BRDA:295,46,1,0
BRDA:295,47,0,0
BRDA:295,47,1,0
BRDA:296,48,0,0
BRDA:296,48,1,0
BRDA:298,49,0,0
BRDA:298,49,1,0
BRDA:302,50,0,0
BRDA:302,50,1,0
BRDA:302,50,2,0
BRDA:304,51,0,0
BRDA:304,51,1,0
BRDA:326,52,0,0
BRDA:326,52,1,0
BRDA:327,53,0,0
BRDA:327,53,1,0
BRDA:330,54,0,0
BRDA:330,54,1,0
BRDA:344,55,0,0
BRDA:344,55,1,0
BRDA:345,56,0,0
BRDA:345,56,1,0
BRDA:353,57,0,0
BRDA:353,57,1,0
BRDA:369,58,0,0
BRDA:369,58,1,0
BRDA:393,59,0,0
BRDA:393,59,1,0
BRDA:393,60,0,0
BRDA:393,60,1,0
BRDA:399,61,0,0
BRDA:399,61,1,0
BRDA:407,62,0,0
BRDA:407,62,1,0
BRDA:413,63,0,0
BRDA:413,63,1,0
BRDA:433,64,0,0
BRDA:433,64,1,0
BRDA:433,65,0,0
BRDA:433,65,1,0
BRF:131
BRH:1
end_of_record
TN:
SF:src/modules/invoices/invoices.route.js
FNF:0
FNH:0
DA:1,1
DA:2,1
DA:3,1
DA:4,1
DA:5,1
DA:6,1
DA:7,1
DA:8,1
DA:13,1
DA:14,1
DA:17,1
DA:20,1
DA:23,1
DA:26,1
DA:29,1
DA:30,1
DA:32,1
DA:39,1
DA:40,1
DA:43,1
DA:46,1
DA:49,1
DA:52,1
DA:54,1
DA:56,1
DA:58,1
DA:64,1
DA:66,1
LF:28
LH:28
BRF:0
BRH:0
end_of_record
TN:
SF:src/modules/invoices/invoices.service.js
FN:7,listInvoices
FN:11,getInvoice
FN:16,createInvoice
FN:27,updateInvoice
FN:48,deleteInvoice
FN:52,getInvoicesBySeller
FN:56,getInvoiceById
FN:60,getInvoiceStatusComment
FNF:8
FNH:5
FNDA:1,listInvoices
FNDA:0,getInvoice
FNDA:1,createInvoice
FNDA:1,updateInvoice
FNDA:1,deleteInvoice
FNDA:0,getInvoicesBySeller
FNDA:0,getInvoiceById
FNDA:1,getInvoiceStatusComment
DA:2,2
DA:3,2
DA:4,2
DA:5,2
DA:8,1
DA:12,0
DA:13,0
DA:17,1
DA:18,1
DA:19,1
DA:22,1
DA:24,1
DA:28,1
DA:30,1
DA:32,1
DA:40,1
DA:43,1
DA:45,1
DA:49,1
DA:53,0
DA:57,0
DA:61,1
DA:64,2
LF:23
LH:19
BRDA:13,0,0,0
BRDA:13,0,1,0
BRF:2
BRH:0
end_of_record
TN:
SF:src/modules/invoices/pdfProxy.route.js
FN:9,(anonymous_0)
FNF:1
FNH:0
FNDA:0,(anonymous_0)
DA:2,1
DA:3,1
DA:4,1
DA:5,1
DA:7,1
DA:9,1
DA:10,0
DA:12,0
DA:13,0
DA:18,0
DA:19,0
DA:20,0
DA:22,0
DA:23,0
DA:27,1
LF:15
LH:7
BRF:0
BRH:0
end_of_record
TN:
SF:src/modules/sellers/sellers.model.js
FN:7,getAllSellers
FN:19,insertSeller
FN:111,getSellerById
FN:130,removeSeller
FN:147,updateSeller
FNF:5
FNH:0
FNDA:0,getAllSellers
FNDA:0,insertSeller
FNDA:0,getSellerById
FNDA:0,removeSeller
FNDA:0,updateSeller
DA:1,1
DA:2,1
DA:3,1
DA:4,1
DA:8,0
DA:15,0
DA:20,0
DA:21,0
DA:22,0
DA:49,0
DA:52,0
DA:86,0
DA:89,0
DA:90,0
DA:92,0
DA:100,0
DA:101,0
DA:103,0
DA:104,0
DA:106,0
DA:112,0
DA:120,0
DA:121,0
DA:124,0
DA:126,0
DA:131,0
DA:132,0
DA:133,0
DA:134,0
DA:135,0
DA:136,0
DA:137,0
DA:138,0
DA:140,0
DA:141,0
DA:143,0
DA:148,0
DA:149,0
DA:150,0
DA:151,0
DA:153,0
DA:165,0
DA:167,0
DA:169,0
DA:170,0
DA:173,0
DA:190,0
DA:205,0
DA:206,0
DA:207,0
DA:208,0
DA:211,0
DA:212,0
DA:213,0
DA:217,0
DA:220,0
DA:221,0
DA:222,0
DA:225,0
DA:226,0
DA:227,0
DA:252,0
DA:253,0
DA:273,0
DA:274,0
DA:275,0
DA:277,0
DA:278,0
DA:279,0
DA:281,0
DA:282,0
DA:286,1
LF:72
LH:5
BRDA:3,0,0,1
BRDA:3,0,1,0
BRDA:72,1,0,0
BRDA:72,1,1,0
BRDA:89,2,0,0
BRDA:89,2,1,0
BRDA:89,3,0,0
BRDA:89,3,1,0
BRDA:90,4,0,0
BRDA:90,4,1,0
BRDA:96,5,0,0
BRDA:96,5,1,0
BRDA:96,6,0,0
BRDA:96,6,1,0
BRDA:121,7,0,0
BRDA:121,7,1,0
BRDA:136,8,0,0
BRDA:136,8,1,0
BRDA:167,9,0,0
BRDA:167,9,1,0
BRDA:206,10,0,0
BRDA:206,10,1,0
BRDA:211,11,0,0
BRDA:211,11,1,0
BRDA:211,12,0,0
BRDA:211,12,1,0
BRDA:211,12,2,0
BRDA:211,12,3,0
BRDA:221,13,0,0
BRDA:221,13,1,0
BRDA:221,14,0,0
BRDA:221,14,1,0
BRDA:225,15,0,0
BRDA:225,15,1,0
BRDA:241,16,0,0
BRDA:241,16,1,0
BRDA:242,17,0,0
BRDA:242,17,1,0
BRDA:242,17,2,0
BRDA:243,18,0,0
BRDA:243,18,1,0
BRDA:245,19,0,0
BRDA:245,19,1,0
BRDA:245,19,2,0
BRDA:246,20,0,0
BRDA:246,20,1,0
BRDA:247,21,0,0
BRDA:247,21,1,0
BRDA:247,21,2,0
BRDA:262,22,0,0
BRDA:262,22,1,0
BRDA:265,23,0,0
BRDA:265,23,1,0
BRDA:267,24,0,0
BRDA:267,24,1,0
BRF:55
BRH:1
end_of_record
TN:
SF:src/services/index.js
FNF:0
FNH:0
DA:2,4
DA:3,4
DA:4,4
DA:8,4
DA:10,2
DA:16,2
DA:19,2
DA:20,2
DA:23,4
DA:25,4
LF:10
LH:10
BRDA:8,0,0,2
BRDA:8,0,1,0
BRDA:8,0,2,2
BRF:3
BRH:2
end_of_record
TN:
SF:src/services/storage.js
FN:2,(anonymous_0)
FN:6,(anonymous_1)
FN:10,(anonymous_2)
FN:14,(anonymous_3)
FN:18,(anonymous_4)
FN:25,(anonymous_5)
FN:32,(anonymous_6)
FNF:7
FNH:2
FNDA:4,(anonymous_0)
FNDA:3,(anonymous_1)
FNDA:0,(anonymous_2)
FNDA:0,(anonymous_3)
FNDA:0,(anonymous_4)
FNDA:0,(anonymous_5)
FNDA:0,(anonymous_6)
DA:3,4
DA:7,3
DA:11,0
DA:15,0
DA:19,0
DA:20,0
DA:22,0
DA:26,0
DA:27,0
DA:29,0
DA:33,0
DA:34,0
DA:36,0
DA:40,4
LF:14
LH:3
BRDA:18,0,0,0
BRDA:19,1,0,0
BRDA:19,1,1,0
BRDA:26,2,0,0
BRDA:26,2,1,0
BRDA:33,3,0,0
BRDA:33,3,1,0
BRF:7
BRH:0
end_of_record
TN:
SF:src/services/adapters/b2.js
FN:8,(anonymous_0)
FN:17,(anonymous_1)
FN:26,(anonymous_2)
FN:37,(anonymous_3)
FN:44,(anonymous_4)
FN:49,(anonymous_5)
FN:52,(anonymous_6)
FN:65,(anonymous_7)
FNF:8
FNH:1
FNDA:2,(anonymous_0)
FNDA:0,(anonymous_1)
FNDA:0,(anonymous_2)
FNDA:0,(anonymous_3)
FNDA:0,(anonymous_4)
FNDA:0,(anonymous_5)
FNDA:0,(anonymous_6)
FNDA:0,(anonymous_7)
DA:2,4
DA:3,4
DA:4,4
DA:5,4
DA:9,2
DA:14,2
DA:18,0
DA:23,0
DA:27,0
DA:33,0
DA:34,0
DA:38,0
DA:45,0
DA:49,0
DA:53,0
DA:55,0
DA:61,0
DA:62,0
DA:66,0
DA:68,0
DA:73,0
DA:74,0
DA:75,0
DA:76,0
DA:80,4
LF:25
LH:7
BRDA:44,0,0,0
BRDA:49,1,0,0
BRDA:49,1,1,0
BRDA:52,2,0,0
BRDA:53,3,0,0
BRDA:53,3,1,0
BRDA:66,4,0,0
BRDA:66,4,1,0
BRF:8
BRH:0
end_of_record
TN:
SF:src/services/adapters/local.js
FN:5,(anonymous_0)
FN:9,(anonymous_1)
FN:10,(anonymous_2)
FN:11,(anonymous_3)
FN:14,(anonymous_4)
FN:21,(anonymous_5)
FN:26,(anonymous_6)
FN:28,(anonymous_7)
FN:31,(anonymous_8)
FN:42,(anonymous_9)
FNF:10
FNH:5
FNDA:2,(anonymous_0)
FNDA:1,(anonymous_1)
FNDA:1,(anonymous_2)
FNDA:1,(anonymous_3)
FNDA:3,(anonymous_4)
FNDA:0,(anonymous_5)
FNDA:0,(anonymous_6)
FNDA:0,(anonymous_7)
FNDA:0,(anonymous_8)
FNDA:0,(anonymous_9)
DA:1,4
DA:2,4
DA:6,2
DA:9,2
DA:10,2
DA:11,2
DA:15,3
DA:16,3
DA:17,2
DA:18,2
DA:22,0
DA:23,0
DA:27,0
DA:28,0
DA:32,0
DA:33,0
DA:34,0
DA:35,0
DA:37,0
DA:38,0
DA:43,0
DA:47,4
LF:22
LH:11
BRDA:31,0,0,0
BRF:1
BRH:0
end_of_record
TN:
SF:src/utils/encryption.js
FN:7,encrypt
FN:16,decrypt
FNF:2
FNH:0
FNDA:0,encrypt
FNDA:0,decrypt
DA:1,1
DA:3,1
DA:4,1
DA:5,1
DA:8,0
DA:9,0
DA:10,0
DA:11,0
DA:12,0
DA:13,0
DA:17,0
DA:18,0
DA:19,0
DA:20,0
DA:21,0
DA:22,0
DA:23,0
DA:26,1
LF:18
LH:5
BRDA:8,0,0,0
BRDA:8,0,1,0
BRDA:17,1,0,0
BRDA:17,1,1,0
BRF:4
BRH:0
end_of_record
TN:
SF:src/utils/fileNaming.js
FN:3,generateStoredName
FN:10,getFinalPath
FNF:2
FNH:0
FNDA:0,generateStoredName
FNDA:0,getFinalPath
DA:1,1
DA:4,0
DA:5,0
DA:6,0
DA:7,0
DA:11,0
DA:14,1
LF:7
LH:2
BRDA:4,0,0,0
BRDA:4,0,1,0
BRDA:10,1,0,0
BRF:3
BRH:0
end_of_record
TN:
SF:src/utils/logger.js
FNF:0
FNH:0
DA:1,6
DA:2,6
DA:3,6
DA:6,6
DA:7,6
DA:10,6
DA:11,6
DA:14,6
DA:17,6
DA:23,6
DA:28,6
LF:11
LH:11
BRDA:7,0,0,0
BRDA:7,0,1,6
BRF:2
BRH:1
end_of_record
